# JRE version: OpenJDK Runtime Environment (14.0.2+12) (build 14.0.2+12-46)
# Java VM: OpenJDK 64-Bit Server VM (14.0.2+12-46, mixed mode, sharing, tiered, compressed oops, g1 gc, windows-amd64)
Heap:
 garbage-first heap   total 342016K, used 250229K [0x0000000700e00000, 0x0000000800000000)
  region size 1024K, 8 young (8192K), 4 survivors (4096K)
 Metaspace       used 10884K, capacity 11246K, committed 11392K, reserved 1058816K
  class space    used 1155K, capacity 1320K, committed 1408K, reserved 1048576K
GC Heap History (20 events):
Event: 129.091 GC heap before
{Heap before GC invocations=195 (full 0):
 garbage-first heap   total 284672K, used 250775K [0x0000000700e00000, 0x0000000800000000)
  region size 1024K, 17 young (17408K), 1 survivors (1024K)
 Metaspace       used 10884K, capacity 11246K, committed 11392K, reserved 1058816K
  class space    used 1155K, capacity 1320K, committed 1408K, reserved 1048576K
}
Event: 129.092 GC heap after
{Heap after GC invocations=196 (full 0):
 garbage-first heap   total 284672K, used 236154K [0x0000000700e00000, 0x0000000800000000)
  region size 1024K, 2 young (2048K), 2 survivors (2048K)
 Metaspace       used 10884K, capacity 11246K, committed 11392K, reserved 1058816K
  class space    used 1155K, capacity 1320K, committed 1408K, reserved 1048576K
}
Event: 129.228 GC heap before
{Heap before GC invocations=196 (full 0):
 garbage-first heap   total 284672K, used 251514K [0x0000000700e00000, 0x0000000800000000)
  region size 1024K, 17 young (17408K), 2 survivors (2048K)
 Metaspace       used 10884K, capacity 11246K, committed 11392K, reserved 1058816K
  class space    used 1155K, capacity 1320K, committed 1408K, reserved 1048576K
}
Event: 129.229 GC heap after
{Heap after GC invocations=197 (full 0):
 garbage-first heap   total 284672K, used 236642K [0x0000000700e00000, 0x0000000800000000)
  region size 1024K, 2 young (2048K), 2 survivors (2048K)
 Metaspace       used 10884K, capacity 11246K, committed 11392K, reserved 1058816K
  class space    used 1155K, capacity 1320K, committed 1408K, reserved 1048576K
}
Event: 129.345 GC heap before
{Heap before GC invocations=197 (full 0):
 garbage-first heap   total 284672K, used 249954K [0x0000000700e00000, 0x0000000800000000)
  region size 1024K, 16 young (16384K), 2 survivors (2048K)
 Metaspace       used 10884K, capacity 11246K, committed 11392K, reserved 1058816K
  class space    used 1155K, capacity 1320K, committed 1408K, reserved 1048576K
}
Event: 129.346 GC heap after
{Heap after GC invocations=198 (full 0):
 garbage-first heap   total 284672K, used 237401K [0x0000000700e00000, 0x0000000800000000)
  region size 1024K, 2 young (2048K), 2 survivors (2048K)
 Metaspace       used 10884K, capacity 11246K, committed 11392K, reserved 1058816K
  class space    used 1155K, capacity 1320K, committed 1408K, reserved 1048576K
}
Event: 129.473 GC heap before
{Heap before GC invocations=198 (full 0):
 garbage-first heap   total 284672K, used 250713K [0x0000000700e00000, 0x0000000800000000)
  region size 1024K, 16 young (16384K), 2 survivors (2048K)
 Metaspace       used 10884K, capacity 11246K, committed 11392K, reserved 1058816K
  class space    used 1155K, capacity 1320K, committed 1408K, reserved 1048576K
}
Event: 129.474 GC heap after
{Heap after GC invocations=199 (full 0):
 garbage-first heap   total 284672K, used 237956K [0x0000000700e00000, 0x0000000800000000)
  region size 1024K, 1 young (1024K), 1 survivors (1024K)
 Metaspace       used 10884K, capacity 11246K, committed 11392K, reserved 1058816K
  class space    used 1155K, capacity 1320K, committed 1408K, reserved 1048576K
}
Event: 129.586 GC heap before
{Heap before GC invocations=199 (full 0):
 garbage-first heap   total 284672K, used 251268K [0x0000000700e00000, 0x0000000800000000)
  region size 1024K, 14 young (14336K), 1 survivors (1024K)
 Metaspace       used 10884K, capacity 11246K, committed 11392K, reserved 1058816K
  class space    used 1155K, capacity 1320K, committed 1408K, reserved 1048576K
}
Event: 129.588 GC heap after
{Heap after GC invocations=200 (full 0):
 garbage-first heap   total 284672K, used 238235K [0x0000000700e00000, 0x0000000800000000)
  region size 1024K, 2 young (2048K), 2 survivors (2048K)
 Metaspace       used 10884K, capacity 11246K, committed 11392K, reserved 1058816K
  class space    used 1155K, capacity 1320K, committed 1408K, reserved 1048576K
}
Event: 129.696 GC heap before
{Heap before GC invocations=200 (full 0):
 garbage-first heap   total 284672K, used 251547K [0x0000000700e00000, 0x0000000800000000)
  region size 1024K, 15 young (15360K), 2 survivors (2048K)
 Metaspace       used 10884K, capacity 11246K, committed 11392K, reserved 1058816K
  class space    used 1155K, capacity 1320K, committed 1408K, reserved 1048576K
}
Event: 129.698 GC heap after
{Heap after GC invocations=201 (full 0):
 garbage-first heap   total 284672K, used 238686K [0x0000000700e00000, 0x0000000800000000)
  region size 1024K, 2 young (2048K), 2 survivors (2048K)
 Metaspace       used 10884K, capacity 11246K, committed 11392K, reserved 1058816K
  class space    used 1155K, capacity 1320K, committed 1408K, reserved 1048576K
}
Event: 129.810 GC heap before
{Heap before GC invocations=201 (full 0):
 garbage-first heap   total 284672K, used 254046K [0x0000000700e00000, 0x0000000800000000)
  region size 1024K, 15 young (15360K), 2 survivors (2048K)
 Metaspace       used 10884K, capacity 11246K, committed 11392K, reserved 1058816K
  class space    used 1155K, capacity 1320K, committed 1408K, reserved 1048576K
}
Event: 129.812 GC heap after
{Heap after GC invocations=202 (full 0):
 garbage-first heap   total 284672K, used 241311K [0x0000000700e00000, 0x0000000800000000)
  region size 1024K, 2 young (2048K), 2 survivors (2048K)
 Metaspace       used 10884K, capacity 11246K, committed 11392K, reserved 1058816K
  class space    used 1155K, capacity 1320K, committed 1408K, reserved 1048576K
}
Event: 129.910 GC heap before
{Heap before GC invocations=202 (full 0):
 garbage-first heap   total 284672K, used 252575K [0x0000000700e00000, 0x0000000800000000)
  region size 1024K, 13 young (13312K), 2 survivors (2048K)
 Metaspace       used 10884K, capacity 11246K, committed 11392K, reserved 1058816K
  class space    used 1155K, capacity 1320K, committed 1408K, reserved 1048576K
}
Event: 129.912 GC heap after
{Heap after GC invocations=203 (full 0):
 garbage-first heap   total 284672K, used 241591K [0x0000000700e00000, 0x0000000800000000)
  region size 1024K, 2 young (2048K), 2 survivors (2048K)
 Metaspace       used 10884K, capacity 11246K, committed 11392K, reserved 1058816K
  class space    used 1155K, capacity 1320K, committed 1408K, reserved 1048576K
}
Event: 130.017 GC heap before
{Heap before GC invocations=203 (full 0):
 garbage-first heap   total 284672K, used 251831K [0x0000000700e00000, 0x0000000800000000)
  region size 1024K, 13 young (13312K), 2 survivors (2048K)
 Metaspace       used 10884K, capacity 11246K, committed 11392K, reserved 1058816K
  class space    used 1155K, capacity 1320K, committed 1408K, reserved 1048576K
}
Event: 130.019 GC heap after
{Heap after GC invocations=204 (full 0):
 garbage-first heap   total 342016K, used 241977K [0x0000000700e00000, 0x0000000800000000)
  region size 1024K, 2 young (2048K), 2 survivors (2048K)
 Metaspace       used 10884K, capacity 11246K, committed 11392K, reserved 1058816K
  class space    used 1155K, capacity 1320K, committed 1408K, reserved 1048576K
}
Event: 130.515 GC heap before
{Heap before GC invocations=204 (full 0):
 garbage-first heap   total 342016K, used 298297K [0x0000000700e00000, 0x0000000800000000)
  region size 1024K, 57 young (58368K), 2 survivors (2048K)
 Metaspace       used 10884K, capacity 11246K, committed 11392K, reserved 1058816K
  class space    used 1155K, capacity 1320K, committed 1408K, reserved 1048576K
}
Event: 130.518 GC heap after
{Heap after GC invocations=205 (full 0):
 garbage-first heap   total 342016K, used 244085K [0x0000000700e00000, 0x0000000800000000)
  region size 1024K, 4 young (4096K), 4 survivors (4096K)
 Metaspace       used 10884K, capacity 11246K, committed 11392K, reserved 1058816K
  class space    used 1155K, capacity 1320K, committed 1408K, reserved 1048576K
}

