# JRE version: Java(TM) SE Runtime Environment (14.0.2+12) (build 14.0.2+12-46)
# Java VM: Java HotSpot(TM) 64-Bit Server VM (14.0.2+12-46, mixed mode, sharing, tiered, compressed oops, g1 gc, windows-amd64)
Heap:
 garbage-first heap   total 262144K, used 132361K [0x0000000700e00000, 0x0000000800000000)
  region size 1024K, 127 young (130048K), 5 survivors (5120K)
 Metaspace       used 10155K, capacity 10562K, committed 10880K, reserved 1058816K
  class space    used 1129K, capacity 1300K, committed 1408K, reserved 1048576K
GC Heap History (8 events):
Event: 1.304 GC heap before
{Heap before GC invocations=0 (full 0):
 garbage-first heap   total 262144K, used 20480K [0x0000000700e00000, 0x0000000800000000)
  region size 1024K, 21 young (21504K), 0 survivors (0K)
 Metaspace       used 9178K, capacity 9586K, committed 9728K, reserved 1058816K
  class space    used 1033K, capacity 1218K, committed 1280K, reserved 1048576K
}
Event: 1.307 GC heap after
{Heap after GC invocations=1 (full 0):
 garbage-first heap   total 262144K, used 3248K [0x0000000700e00000, 0x0000000800000000)
  region size 1024K, 3 young (3072K), 3 survivors (3072K)
 Metaspace       used 9178K, capacity 9586K, committed 9728K, reserved 1058816K
  class space    used 1033K, capacity 1218K, committed 1280K, reserved 1048576K
}
Event: 1.337 GC heap before
{Heap before GC invocations=1 (full 0):
 garbage-first heap   total 262144K, used 29872K [0x0000000700e00000, 0x0000000800000000)
  region size 1024K, 30 young (30720K), 3 survivors (3072K)
 Metaspace       used 9810K, capacity 10190K, committed 10240K, reserved 1058816K
  class space    used 1106K, capacity 1264K, committed 1280K, reserved 1048576K
}
Event: 1.339 GC heap after
{Heap after GC invocations=2 (full 0):
 garbage-first heap   total 262144K, used 3792K [0x0000000700e00000, 0x0000000800000000)
  region size 1024K, 1 young (1024K), 1 survivors (1024K)
 Metaspace       used 9810K, capacity 10190K, committed 10240K, reserved 1058816K
  class space    used 1106K, capacity 1264K, committed 1280K, reserved 1048576K
}
Event: 1.645 GC heap before
{Heap before GC invocations=2 (full 0):
 garbage-first heap   total 262144K, used 159440K [0x0000000700e00000, 0x0000000800000000)
  region size 1024K, 153 young (156672K), 1 survivors (1024K)
 Metaspace       used 10086K, capacity 10498K, committed 10624K, reserved 1058816K
  class space    used 1129K, capacity 1300K, committed 1408K, reserved 1048576K
}
Event: 1.646 GC heap after
{Heap after GC invocations=3 (full 0):
 garbage-first heap   total 262144K, used 4455K [0x0000000700e00000, 0x0000000800000000)
  region size 1024K, 2 young (2048K), 2 survivors (2048K)
 Metaspace       used 10086K, capacity 10498K, committed 10624K, reserved 1058816K
  class space    used 1129K, capacity 1300K, committed 1408K, reserved 1048576K
}
Event: 1.968 GC heap before
{Heap before GC invocations=3 (full 0):
 garbage-first heap   total 262144K, used 159079K [0x0000000700e00000, 0x0000000800000000)
  region size 1024K, 153 young (156672K), 2 survivors (2048K)
 Metaspace       used 10120K, capacity 10562K, committed 10880K, reserved 1058816K
  class space    used 1129K, capacity 1300K, committed 1408K, reserved 1048576K
}
Event: 1.970 GC heap after
{Heap after GC invocations=4 (full 0):
 garbage-first heap   total 262144K, used 5893K [0x0000000700e00000, 0x0000000800000000)
  region size 1024K, 3 young (3072K), 3 survivors (3072K)
 Metaspace       used 10120K, capacity 10562K, committed 10880K, reserved 1058816K
  class space    used 1129K, capacity 1300K, committed 1408K, reserved 1048576K
}

