# JRE version: Java(TM) SE Runtime Environment (14.0.2+12) (build 14.0.2+12-46)
# Java VM: Java HotSpot(TM) 64-Bit Server VM (14.0.2+12-46, mixed mode, sharing, tiered, compressed oops, g1 gc, windows-amd64)
Heap:
 garbage-first heap   total 545792K, used 52782K [0x0000000700e00000, 0x0000000800000000)
  region size 1024K, 18 young (18432K), 18 survivors (18432K)
 Metaspace       used 10796K, capacity 11277K, committed 11392K, reserved 1058816K
  class space    used 1171K, capacity 1379K, committed 1408K, reserved 1048576K
GC Heap History (20 events):
Event: 7.511 GC heap after
{Heap after GC invocations=22 (full 0):
 garbage-first heap   total 454656K, used 35038K [0x0000000700e00000, 0x0000000800000000)
  region size 1024K, 17 young (17408K), 17 survivors (17408K)
 Metaspace       used 10357K, capacity 10772K, committed 10880K, reserved 1058816K
  class space    used 1126K, capacity 1301K, committed 1408K, reserved 1048576K
}
Event: 7.924 GC heap before
{Heap before GC invocations=22 (full 0):
 garbage-first heap   total 454656K, used 292062K [0x0000000700e00000, 0x0000000800000000)
  region size 1024K, 266 young (272384K), 17 survivors (17408K)
 Metaspace       used 10363K, capacity 10772K, committed 10880K, reserved 1058816K
  class space    used 1126K, capacity 1301K, committed 1408K, reserved 1048576K
}
Event: 7.929 GC heap after
{Heap after GC invocations=23 (full 0):
 garbage-first heap   total 454656K, used 38106K [0x0000000700e00000, 0x0000000800000000)
  region size 1024K, 18 young (18432K), 18 survivors (18432K)
 Metaspace       used 10363K, capacity 10772K, committed 10880K, reserved 1058816K
  class space    used 1126K, capacity 1301K, committed 1408K, reserved 1048576K
}
Event: 8.346 GC heap before
{Heap before GC invocations=23 (full 0):
 garbage-first heap   total 454656K, used 291034K [0x0000000700e00000, 0x0000000800000000)
  region size 1024K, 266 young (272384K), 18 survivors (18432K)
 Metaspace       used 10376K, capacity 10772K, committed 10880K, reserved 1058816K
  class space    used 1126K, capacity 1301K, committed 1408K, reserved 1048576K
}
Event: 8.351 GC heap after
{Heap after GC invocations=24 (full 0):
 garbage-first heap   total 454656K, used 39665K [0x0000000700e00000, 0x0000000800000000)
  region size 1024K, 19 young (19456K), 19 survivors (19456K)
 Metaspace       used 10376K, capacity 10772K, committed 10880K, reserved 1058816K
  class space    used 1126K, capacity 1301K, committed 1408K, reserved 1048576K
}
Event: 8.810 GC heap before
{Heap before GC invocations=24 (full 0):
 garbage-first heap   total 454656K, used 291569K [0x0000000700e00000, 0x0000000800000000)
  region size 1024K, 266 young (272384K), 19 survivors (19456K)
 Metaspace       used 10398K, capacity 10839K, committed 11136K, reserved 1058816K
  class space    used 1126K, capacity 1301K, committed 1408K, reserved 1048576K
}
Event: 8.815 GC heap after
{Heap after GC invocations=25 (full 0):
 garbage-first heap   total 454656K, used 40604K [0x0000000700e00000, 0x0000000800000000)
  region size 1024K, 19 young (19456K), 19 survivors (19456K)
 Metaspace       used 10398K, capacity 10839K, committed 11136K, reserved 1058816K
  class space    used 1126K, capacity 1301K, committed 1408K, reserved 1048576K
}
Event: 9.273 GC heap before
{Heap before GC invocations=25 (full 0):
 garbage-first heap   total 454656K, used 294556K [0x0000000700e00000, 0x0000000800000000)
  region size 1024K, 266 young (272384K), 19 survivors (19456K)
 Metaspace       used 10398K, capacity 10839K, committed 11136K, reserved 1058816K
  class space    used 1126K, capacity 1301K, committed 1408K, reserved 1048576K
}
Event: 9.279 GC heap after
{Heap after GC invocations=26 (full 0):
 garbage-first heap   total 454656K, used 44966K [0x0000000700e00000, 0x0000000800000000)
  region size 1024K, 20 young (20480K), 20 survivors (20480K)
 Metaspace       used 10398K, capacity 10839K, committed 11136K, reserved 1058816K
  class space    used 1126K, capacity 1301K, committed 1408K, reserved 1048576K
}
Event: 9.669 GC heap before
{Heap before GC invocations=26 (full 0):
 garbage-first heap   total 454656K, used 295845K [0x0000000700e00000, 0x0000000800000000)
  region size 1024K, 266 young (272384K), 20 survivors (20480K)
 Metaspace       used 10398K, capacity 10839K, committed 11136K, reserved 1058816K
  class space    used 1126K, capacity 1301K, committed 1408K, reserved 1048576K
}
Event: 9.676 GC heap after
{Heap after GC invocations=27 (full 0):
 garbage-first heap   total 454656K, used 46824K [0x0000000700e00000, 0x0000000800000000)
  region size 1024K, 20 young (20480K), 20 survivors (20480K)
 Metaspace       used 10398K, capacity 10839K, committed 11136K, reserved 1058816K
  class space    used 1126K, capacity 1301K, committed 1408K, reserved 1048576K
}
Event: 10.085 GC heap before
{Heap before GC invocations=27 (full 0):
 garbage-first heap   total 454656K, used 301800K [0x0000000700e00000, 0x0000000800000000)
  region size 1024K, 266 young (272384K), 20 survivors (20480K)
 Metaspace       used 10398K, capacity 10839K, committed 11136K, reserved 1058816K
  class space    used 1126K, capacity 1301K, committed 1408K, reserved 1048576K
}
Event: 10.093 GC heap after
{Heap after GC invocations=28 (full 0):
 garbage-first heap   total 454656K, used 52479K [0x0000000700e00000, 0x0000000800000000)
  region size 1024K, 20 young (20480K), 20 survivors (20480K)
 Metaspace       used 10398K, capacity 10839K, committed 11136K, reserved 1058816K
  class space    used 1126K, capacity 1301K, committed 1408K, reserved 1048576K
}
Event: 10.571 GC heap before
{Heap before GC invocations=28 (full 0):
 garbage-first heap   total 454656K, used 303359K [0x0000000700e00000, 0x0000000800000000)
  region size 1024K, 266 young (272384K), 20 survivors (20480K)
 Metaspace       used 10790K, capacity 11276K, committed 11392K, reserved 1058816K
  class space    used 1171K, capacity 1379K, committed 1408K, reserved 1048576K
}
Event: 10.578 GC heap after
{Heap after GC invocations=29 (full 0):
 garbage-first heap   total 454656K, used 52782K [0x0000000700e00000, 0x0000000800000000)
  region size 1024K, 18 young (18432K), 18 survivors (18432K)
 Metaspace       used 10790K, capacity 11276K, committed 11392K, reserved 1058816K
  class space    used 1171K, capacity 1379K, committed 1408K, reserved 1048576K
}
Event: 10.914 GC heap before
{Heap before GC invocations=29 (full 0):
 garbage-first heap   total 454656K, used 305710K [0x0000000700e00000, 0x0000000800000000)
  region size 1024K, 266 young (272384K), 18 survivors (18432K)
 Metaspace       used 10792K, capacity 11276K, committed 11392K, reserved 1058816K
  class space    used 1171K, capacity 1379K, committed 1408K, reserved 1048576K
}
Event: 10.920 GC heap after
{Heap after GC invocations=30 (full 0):
 garbage-first heap   total 454656K, used 52270K [0x0000000700e00000, 0x0000000800000000)
  region size 1024K, 17 young (17408K), 17 survivors (17408K)
 Metaspace       used 10792K, capacity 11276K, committed 11392K, reserved 1058816K
  class space    used 1171K, capacity 1379K, committed 1408K, reserved 1048576K
}
Event: 11.327 GC heap before
{Heap before GC invocations=30 (full 0):
 garbage-first heap   total 454656K, used 306222K [0x0000000700e00000, 0x0000000800000000)
  region size 1024K, 266 young (272384K), 17 survivors (17408K)
 Metaspace       used 10792K, capacity 11276K, committed 11392K, reserved 1058816K
  class space    used 1171K, capacity 1379K, committed 1408K, reserved 1048576K
}
Event: 11.334 GC heap after
{Heap after GC invocations=31 (full 0):
 garbage-first heap   total 454656K, used 53294K [0x0000000700e00000, 0x0000000800000000)
  region size 1024K, 18 young (18432K), 18 survivors (18432K)
 Metaspace       used 10792K, capacity 11276K, committed 11392K, reserved 1058816K
  class space    used 1171K, capacity 1379K, committed 1408K, reserved 1048576K
}
Event: 11.824 GC heap before
{Heap before GC invocations=31 (full 0):
 garbage-first heap   total 454656K, used 306222K [0x0000000700e00000, 0x0000000800000000)
  region size 1024K, 266 young (272384K), 18 survivors (18432K)
 Metaspace       used 10796K, capacity 11277K, committed 11392K, reserved 1058816K
  class space    used 1171K, capacity 1379K, committed 1408K, reserved 1048576K
}

