# JRE version: OpenJDK Runtime Environment (14.0.2+12) (build 14.0.2+12-46)
# Java VM: OpenJDK 64-Bit Server VM (14.0.2+12-46, mixed mode, sharing, tiered, compressed oops, g1 gc, windows-amd64)
Heap:
 garbage-first heap   total 319488K, used 191254K [0x0000000700e00000, 0x0000000800000000)
  region size 1024K, 4 young (4096K), 4 survivors (4096K)
 Metaspace       used 10857K, capacity 11246K, committed 11392K, reserved 1058816K
  class space    used 1154K, capacity 1320K, committed 1408K, reserved 1048576K
GC Heap History (20 events):
Event: 96.597 GC heap after
{Heap after GC invocations=148 (full 0):
 garbage-first heap   total 221184K, used 176788K [0x0000000700e00000, 0x0000000800000000)
  region size 1024K, 2 young (2048K), 2 survivors (2048K)
 Metaspace       used 10857K, capacity 11246K, committed 11392K, reserved 1058816K
  class space    used 1154K, capacity 1320K, committed 1408K, reserved 1048576K
}
Event: 96.732 GC heap before
{Heap before GC invocations=148 (full 0):
 garbage-first heap   total 221184K, used 195220K [0x0000000700e00000, 0x0000000800000000)
  region size 1024K, 18 young (18432K), 2 survivors (2048K)
 Metaspace       used 10857K, capacity 11246K, committed 11392K, reserved 1058816K
  class space    used 1154K, capacity 1320K, committed 1408K, reserved 1048576K
}
Event: 96.734 GC heap after
{Heap after GC invocations=149 (full 0):
 garbage-first heap   total 221184K, used 179522K [0x0000000700e00000, 0x0000000800000000)
  region size 1024K, 3 young (3072K), 3 survivors (3072K)
 Metaspace       used 10857K, capacity 11246K, committed 11392K, reserved 1058816K
  class space    used 1154K, capacity 1320K, committed 1408K, reserved 1048576K
}
Event: 96.863 GC heap before
{Heap before GC invocations=149 (full 0):
 garbage-first heap   total 221184K, used 193858K [0x0000000700e00000, 0x0000000800000000)
  region size 1024K, 17 young (17408K), 3 survivors (3072K)
 Metaspace       used 10857K, capacity 11246K, committed 11392K, reserved 1058816K
  class space    used 1154K, capacity 1320K, committed 1408K, reserved 1048576K
}
Event: 96.865 GC heap after
{Heap after GC invocations=150 (full 0):
 garbage-first heap   total 221184K, used 180041K [0x0000000700e00000, 0x0000000800000000)
  region size 1024K, 3 young (3072K), 3 survivors (3072K)
 Metaspace       used 10857K, capacity 11246K, committed 11392K, reserved 1058816K
  class space    used 1154K, capacity 1320K, committed 1408K, reserved 1048576K
}
Event: 96.982 GC heap before
{Heap before GC invocations=150 (full 0):
 garbage-first heap   total 221184K, used 194377K [0x0000000700e00000, 0x0000000800000000)
  region size 1024K, 17 young (17408K), 3 survivors (3072K)
 Metaspace       used 10857K, capacity 11246K, committed 11392K, reserved 1058816K
  class space    used 1154K, capacity 1320K, committed 1408K, reserved 1048576K
}
Event: 96.984 GC heap after
{Heap after GC invocations=151 (full 0):
 garbage-first heap   total 221184K, used 180654K [0x0000000700e00000, 0x0000000800000000)
  region size 1024K, 3 young (3072K), 3 survivors (3072K)
 Metaspace       used 10857K, capacity 11246K, committed 11392K, reserved 1058816K
  class space    used 1154K, capacity 1320K, committed 1408K, reserved 1048576K
}
Event: 97.094 GC heap before
{Heap before GC invocations=151 (full 0):
 garbage-first heap   total 221184K, used 193966K [0x0000000700e00000, 0x0000000800000000)
  region size 1024K, 16 young (16384K), 3 survivors (3072K)
 Metaspace       used 10857K, capacity 11246K, committed 11392K, reserved 1058816K
  class space    used 1154K, capacity 1320K, committed 1408K, reserved 1048576K
}
Event: 97.096 GC heap after
{Heap after GC invocations=152 (full 0):
 garbage-first heap   total 221184K, used 181196K [0x0000000700e00000, 0x0000000800000000)
  region size 1024K, 2 young (2048K), 2 survivors (2048K)
 Metaspace       used 10857K, capacity 11246K, committed 11392K, reserved 1058816K
  class space    used 1154K, capacity 1320K, committed 1408K, reserved 1048576K
}
Event: 97.214 GC heap before
{Heap before GC invocations=152 (full 0):
 garbage-first heap   total 221184K, used 194508K [0x0000000700e00000, 0x0000000800000000)
  region size 1024K, 15 young (15360K), 2 survivors (2048K)
 Metaspace       used 10857K, capacity 11246K, committed 11392K, reserved 1058816K
  class space    used 1154K, capacity 1320K, committed 1408K, reserved 1048576K
}
Event: 97.216 GC heap after
{Heap after GC invocations=153 (full 0):
 garbage-first heap   total 221184K, used 181640K [0x0000000700e00000, 0x0000000800000000)
  region size 1024K, 1 young (1024K), 1 survivors (1024K)
 Metaspace       used 10857K, capacity 11246K, committed 11392K, reserved 1058816K
  class space    used 1154K, capacity 1320K, committed 1408K, reserved 1048576K
}
Event: 97.316 GC heap before
{Heap before GC invocations=153 (full 0):
 garbage-first heap   total 221184K, used 193928K [0x0000000700e00000, 0x0000000800000000)
  region size 1024K, 14 young (14336K), 1 survivors (1024K)
 Metaspace       used 10857K, capacity 11246K, committed 11392K, reserved 1058816K
  class space    used 1154K, capacity 1320K, committed 1408K, reserved 1048576K
}
Event: 97.318 GC heap after
{Heap after GC invocations=154 (full 0):
 garbage-first heap   total 266240K, used 182712K [0x0000000700e00000, 0x0000000800000000)
  region size 1024K, 2 young (2048K), 2 survivors (2048K)
 Metaspace       used 10857K, capacity 11246K, committed 11392K, reserved 1058816K
  class space    used 1154K, capacity 1320K, committed 1408K, reserved 1048576K
}
Event: 97.732 GC heap before
{Heap before GC invocations=154 (full 0):
 garbage-first heap   total 266240K, used 231864K [0x0000000700e00000, 0x0000000800000000)
  region size 1024K, 50 young (51200K), 2 survivors (2048K)
 Metaspace       used 10857K, capacity 11246K, committed 11392K, reserved 1058816K
  class space    used 1154K, capacity 1320K, committed 1408K, reserved 1048576K
}
Event: 97.735 GC heap after
{Heap after GC invocations=155 (full 0):
 garbage-first heap   total 266240K, used 184900K [0x0000000700e00000, 0x0000000800000000)
  region size 1024K, 5 young (5120K), 5 survivors (5120K)
 Metaspace       used 10857K, capacity 11246K, committed 11392K, reserved 1058816K
  class space    used 1154K, capacity 1320K, committed 1408K, reserved 1048576K
}
Event: 98.129 GC heap before
{Heap before GC invocations=155 (full 0):
 garbage-first heap   total 266240K, used 229956K [0x0000000700e00000, 0x0000000800000000)
  region size 1024K, 50 young (51200K), 5 survivors (5120K)
 Metaspace       used 10857K, capacity 11246K, committed 11392K, reserved 1058816K
  class space    used 1154K, capacity 1320K, committed 1408K, reserved 1048576K
}
Event: 98.132 GC heap after
{Heap after GC invocations=156 (full 0):
 garbage-first heap   total 266240K, used 187339K [0x0000000700e00000, 0x0000000800000000)
  region size 1024K, 5 young (5120K), 5 survivors (5120K)
 Metaspace       used 10857K, capacity 11246K, committed 11392K, reserved 1058816K
  class space    used 1154K, capacity 1320K, committed 1408K, reserved 1048576K
}
Event: 98.503 GC heap before
{Heap before GC invocations=156 (full 0):
 garbage-first heap   total 266240K, used 232395K [0x0000000700e00000, 0x0000000800000000)
  region size 1024K, 48 young (49152K), 5 survivors (5120K)
 Metaspace       used 10857K, capacity 11246K, committed 11392K, reserved 1058816K
  class space    used 1154K, capacity 1320K, committed 1408K, reserved 1048576K
}
Event: 98.505 GC heap after
{Heap after GC invocations=157 (full 0):
 garbage-first heap   total 266240K, used 189977K [0x0000000700e00000, 0x0000000800000000)
  region size 1024K, 4 young (4096K), 4 survivors (4096K)
 Metaspace       used 10857K, capacity 11246K, committed 11392K, reserved 1058816K
  class space    used 1154K, capacity 1320K, committed 1408K, reserved 1048576K
}
Event: 98.867 GC heap before
{Heap before GC invocations=157 (full 0):
 garbage-first heap   total 266240K, used 231961K [0x0000000700e00000, 0x0000000800000000)
  region size 1024K, 45 young (46080K), 4 survivors (4096K)
 Metaspace       used 10857K, capacity 11246K, committed 11392K, reserved 1058816K
  class space    used 1154K, capacity 1320K, committed 1408K, reserved 1048576K
}

