# JRE version: Java(TM) SE Runtime Environment (14.0.2+12) (build 14.0.2+12-46)
# Java VM: Java HotSpot(TM) 64-Bit Server VM (14.0.2+12-46, mixed mode, sharing, tiered, compressed oops, g1 gc, windows-amd64)
Heap:
 garbage-first heap   total 315392K, used 107173K [0x0000000700e00000, 0x0000000800000000)
  region size 1024K, 68 young (69632K), 14 survivors (14336K)
 Metaspace       used 10810K, capacity 11367K, committed 11520K, reserved 1058816K
  class space    used 1193K, capacity 1416K, committed 1536K, reserved 1048576K
GC Heap History (20 events):
Event: 4.279 GC heap before
{Heap before GC invocations=7 (full 0):
 garbage-first heap   total 262144K, used 166241K [0x0000000700e00000, 0x0000000800000000)
  region size 1024K, 153 young (156672K), 10 survivors (10240K)
 Metaspace       used 10308K, capacity 10803K, committed 10880K, reserved 1058816K
  class space    used 1147K, capacity 1338K, committed 1408K, reserved 1048576K
}
Event: 4.284 GC heap after
{Heap after GC invocations=8 (full 0):
 garbage-first heap   total 262144K, used 23046K [0x0000000700e00000, 0x0000000800000000)
  region size 1024K, 12 young (12288K), 12 survivors (12288K)
 Metaspace       used 10308K, capacity 10803K, committed 10880K, reserved 1058816K
  class space    used 1147K, capacity 1338K, committed 1408K, reserved 1048576K
}
Event: 4.786 GC heap before
{Heap before GC invocations=8 (full 0):
 garbage-first heap   total 262144K, used 166406K [0x0000000700e00000, 0x0000000800000000)
  region size 1024K, 153 young (156672K), 12 survivors (12288K)
 Metaspace       used 10333K, capacity 10804K, committed 10880K, reserved 1058816K
  class space    used 1147K, capacity 1338K, committed 1408K, reserved 1048576K
}
Event: 4.792 GC heap after
{Heap after GC invocations=9 (full 0):
 garbage-first heap   total 262144K, used 26143K [0x0000000700e00000, 0x0000000800000000)
  region size 1024K, 14 young (14336K), 14 survivors (14336K)
 Metaspace       used 10333K, capacity 10804K, committed 10880K, reserved 1058816K
  class space    used 1147K, capacity 1338K, committed 1408K, reserved 1048576K
}
Event: 5.240 GC heap before
{Heap before GC invocations=9 (full 0):
 garbage-first heap   total 262144K, used 169503K [0x0000000700e00000, 0x0000000800000000)
  region size 1024K, 153 young (156672K), 14 survivors (14336K)
 Metaspace       used 10343K, capacity 10804K, committed 10880K, reserved 1058816K
  class space    used 1147K, capacity 1338K, committed 1408K, reserved 1048576K
}
Event: 5.246 GC heap after
{Heap after GC invocations=10 (full 0):
 garbage-first heap   total 262144K, used 29500K [0x0000000700e00000, 0x0000000800000000)
  region size 1024K, 11 young (11264K), 11 survivors (11264K)
 Metaspace       used 10343K, capacity 10804K, committed 10880K, reserved 1058816K
  class space    used 1147K, capacity 1338K, committed 1408K, reserved 1048576K
}
Event: 5.714 GC heap before
{Heap before GC invocations=10 (full 0):
 garbage-first heap   total 262144K, used 173884K [0x0000000700e00000, 0x0000000800000000)
  region size 1024K, 153 young (156672K), 11 survivors (11264K)
 Metaspace       used 10390K, capacity 10870K, committed 11136K, reserved 1058816K
  class space    used 1147K, capacity 1338K, committed 1408K, reserved 1048576K
}
Event: 5.719 GC heap after
{Heap after GC invocations=11 (full 0):
 garbage-first heap   total 315392K, used 31204K [0x0000000700e00000, 0x0000000800000000)
  region size 1024K, 13 young (13312K), 13 survivors (13312K)
 Metaspace       used 10390K, capacity 10870K, committed 11136K, reserved 1058816K
  class space    used 1147K, capacity 1338K, committed 1408K, reserved 1048576K
}
Event: 6.270 GC heap before
{Heap before GC invocations=11 (full 0):
 garbage-first heap   total 315392K, used 205284K [0x0000000700e00000, 0x0000000800000000)
  region size 1024K, 184 young (188416K), 13 survivors (13312K)
 Metaspace       used 10393K, capacity 10870K, committed 11136K, reserved 1058816K
  class space    used 1147K, capacity 1338K, committed 1408K, reserved 1048576K
}
Event: 6.276 GC heap after
{Heap after GC invocations=12 (full 0):
 garbage-first heap   total 315392K, used 33699K [0x0000000700e00000, 0x0000000800000000)
  region size 1024K, 13 young (13312K), 13 survivors (13312K)
 Metaspace       used 10393K, capacity 10870K, committed 11136K, reserved 1058816K
  class space    used 1147K, capacity 1338K, committed 1408K, reserved 1048576K
}
Event: 6.797 GC heap before
{Heap before GC invocations=12 (full 0):
 garbage-first heap   total 315392K, used 209827K [0x0000000700e00000, 0x0000000800000000)
  region size 1024K, 184 young (188416K), 13 survivors (13312K)
 Metaspace       used 10396K, capacity 10870K, committed 11136K, reserved 1058816K
  class space    used 1147K, capacity 1338K, committed 1408K, reserved 1048576K
}
Event: 6.801 GC heap after
{Heap after GC invocations=13 (full 0):
 garbage-first heap   total 315392K, used 37617K [0x0000000700e00000, 0x0000000800000000)
  region size 1024K, 13 young (13312K), 13 survivors (13312K)
 Metaspace       used 10396K, capacity 10870K, committed 11136K, reserved 1058816K
  class space    used 1147K, capacity 1338K, committed 1408K, reserved 1048576K
}
Event: 7.319 GC heap before
{Heap before GC invocations=13 (full 0):
 garbage-first heap   total 315392K, used 211697K [0x0000000700e00000, 0x0000000800000000)
  region size 1024K, 184 young (188416K), 13 survivors (13312K)
 Metaspace       used 10404K, capacity 10870K, committed 11136K, reserved 1058816K
  class space    used 1147K, capacity 1338K, committed 1408K, reserved 1048576K
}
Event: 7.324 GC heap after
{Heap after GC invocations=14 (full 0):
 garbage-first heap   total 315392K, used 39589K [0x0000000700e00000, 0x0000000800000000)
  region size 1024K, 13 young (13312K), 13 survivors (13312K)
 Metaspace       used 10404K, capacity 10870K, committed 11136K, reserved 1058816K
  class space    used 1147K, capacity 1338K, committed 1408K, reserved 1048576K
}
Event: 7.834 GC heap before
{Heap before GC invocations=14 (full 0):
 garbage-first heap   total 315392K, used 213669K [0x0000000700e00000, 0x0000000800000000)
  region size 1024K, 184 young (188416K), 13 survivors (13312K)
 Metaspace       used 10424K, capacity 10870K, committed 11136K, reserved 1058816K
  class space    used 1147K, capacity 1338K, committed 1408K, reserved 1048576K
}
Event: 7.839 GC heap after
{Heap after GC invocations=15 (full 0):
 garbage-first heap   total 315392K, used 42697K [0x0000000700e00000, 0x0000000800000000)
  region size 1024K, 14 young (14336K), 14 survivors (14336K)
 Metaspace       used 10424K, capacity 10870K, committed 11136K, reserved 1058816K
  class space    used 1147K, capacity 1338K, committed 1408K, reserved 1048576K
}
Event: 8.394 GC heap before
{Heap before GC invocations=15 (full 0):
 garbage-first heap   total 315392K, used 217801K [0x0000000700e00000, 0x0000000800000000)
  region size 1024K, 184 young (188416K), 14 survivors (14336K)
 Metaspace       used 10435K, capacity 10870K, committed 11136K, reserved 1058816K
  class space    used 1147K, capacity 1338K, committed 1408K, reserved 1048576K
}
Event: 8.399 GC heap after
{Heap after GC invocations=16 (full 0):
 garbage-first heap   total 315392K, used 46415K [0x0000000700e00000, 0x0000000800000000)
  region size 1024K, 14 young (14336K), 14 survivors (14336K)
 Metaspace       used 10435K, capacity 10870K, committed 11136K, reserved 1058816K
  class space    used 1147K, capacity 1338K, committed 1408K, reserved 1048576K
}
Event: 9.162 GC heap before
{Heap before GC invocations=16 (full 0):
 garbage-first heap   total 315392K, used 224591K [0x0000000700e00000, 0x0000000800000000)
  region size 1024K, 184 young (188416K), 14 survivors (14336K)
 Metaspace       used 10796K, capacity 11296K, committed 11520K, reserved 1058816K
  class space    used 1193K, capacity 1416K, committed 1536K, reserved 1048576K
}
Event: 9.169 GC heap after
{Heap after GC invocations=17 (full 0):
 garbage-first heap   total 315392K, used 52901K [0x0000000700e00000, 0x0000000800000000)
  region size 1024K, 14 young (14336K), 14 survivors (14336K)
 Metaspace       used 10796K, capacity 11296K, committed 11520K, reserved 1058816K
  class space    used 1193K, capacity 1416K, committed 1536K, reserved 1048576K
}

