# JRE version: Java(TM) SE Runtime Environment (14.0.2+12) (build 14.0.2+12-46)
# Java VM: Java HotSpot(TM) 64-Bit Server VM (14.0.2+12-46, mixed mode, sharing, tiered, compressed oops, g1 gc, windows-amd64)
Heap:
 garbage-first heap   total 262144K, used 96789K [0x0000000700e00000, 0x0000000800000000)
  region size 1024K, 92 young (94208K), 1 survivors (1024K)
 Metaspace       used 10924K, capacity 11284K, committed 11392K, reserved 1058816K
  class space    used 1139K, capacity 1301K, committed 1408K, reserved 1048576K
GC Heap History (20 events):
Event: 33.038 GC heap before
{Heap before GC invocations=39 (full 0):
 garbage-first heap   total 262144K, used 160087K [0x0000000700e00000, 0x0000000800000000)
  region size 1024K, 153 young (156672K), 1 survivors (1024K)
 Metaspace       used 10905K, capacity 11284K, committed 11392K, reserved 1058816K
  class space    used 1139K, capacity 1301K, committed 1408K, reserved 1048576K
}
Event: 33.039 GC heap after
{Heap after GC invocations=40 (full 0):
 garbage-first heap   total 262144K, used 5553K [0x0000000700e00000, 0x0000000800000000)
  region size 1024K, 1 young (1024K), 1 survivors (1024K)
 Metaspace       used 10905K, capacity 11284K, committed 11392K, reserved 1058816K
  class space    used 1139K, capacity 1301K, committed 1408K, reserved 1048576K
}
Event: 33.405 GC heap before
{Heap before GC invocations=40 (full 0):
 garbage-first heap   total 262144K, used 160177K [0x0000000700e00000, 0x0000000800000000)
  region size 1024K, 153 young (156672K), 1 survivors (1024K)
 Metaspace       used 10910K, capacity 11284K, committed 11392K, reserved 1058816K
  class space    used 1139K, capacity 1301K, committed 1408K, reserved 1048576K
}
Event: 33.406 GC heap after
{Heap after GC invocations=41 (full 0):
 garbage-first heap   total 262144K, used 5462K [0x0000000700e00000, 0x0000000800000000)
  region size 1024K, 1 young (1024K), 1 survivors (1024K)
 Metaspace       used 10910K, capacity 11284K, committed 11392K, reserved 1058816K
  class space    used 1139K, capacity 1301K, committed 1408K, reserved 1048576K
}
Event: 33.920 GC heap before
{Heap before GC invocations=41 (full 0):
 garbage-first heap   total 262144K, used 160086K [0x0000000700e00000, 0x0000000800000000)
  region size 1024K, 153 young (156672K), 1 survivors (1024K)
 Metaspace       used 10910K, capacity 11284K, committed 11392K, reserved 1058816K
  class space    used 1139K, capacity 1301K, committed 1408K, reserved 1048576K
}
Event: 33.921 GC heap after
{Heap after GC invocations=42 (full 0):
 garbage-first heap   total 262144K, used 5475K [0x0000000700e00000, 0x0000000800000000)
  region size 1024K, 1 young (1024K), 1 survivors (1024K)
 Metaspace       used 10910K, capacity 11284K, committed 11392K, reserved 1058816K
  class space    used 1139K, capacity 1301K, committed 1408K, reserved 1048576K
}
Event: 34.346 GC heap before
{Heap before GC invocations=42 (full 0):
 garbage-first heap   total 262144K, used 160099K [0x0000000700e00000, 0x0000000800000000)
  region size 1024K, 153 young (156672K), 1 survivors (1024K)
 Metaspace       used 10910K, capacity 11284K, committed 11392K, reserved 1058816K
  class space    used 1139K, capacity 1301K, committed 1408K, reserved 1048576K
}
Event: 34.347 GC heap after
{Heap after GC invocations=43 (full 0):
 garbage-first heap   total 262144K, used 5554K [0x0000000700e00000, 0x0000000800000000)
  region size 1024K, 1 young (1024K), 1 survivors (1024K)
 Metaspace       used 10910K, capacity 11284K, committed 11392K, reserved 1058816K
  class space    used 1139K, capacity 1301K, committed 1408K, reserved 1048576K
}
Event: 34.756 GC heap before
{Heap before GC invocations=43 (full 0):
 garbage-first heap   total 262144K, used 160178K [0x0000000700e00000, 0x0000000800000000)
  region size 1024K, 153 young (156672K), 1 survivors (1024K)
 Metaspace       used 10915K, capacity 11284K, committed 11392K, reserved 1058816K
  class space    used 1139K, capacity 1301K, committed 1408K, reserved 1048576K
}
Event: 34.757 GC heap after
{Heap after GC invocations=44 (full 0):
 garbage-first heap   total 262144K, used 5470K [0x0000000700e00000, 0x0000000800000000)
  region size 1024K, 1 young (1024K), 1 survivors (1024K)
 Metaspace       used 10915K, capacity 11284K, committed 11392K, reserved 1058816K
  class space    used 1139K, capacity 1301K, committed 1408K, reserved 1048576K
}
Event: 35.102 GC heap before
{Heap before GC invocations=44 (full 0):
 garbage-first heap   total 262144K, used 160094K [0x0000000700e00000, 0x0000000800000000)
  region size 1024K, 153 young (156672K), 1 survivors (1024K)
 Metaspace       used 10915K, capacity 11284K, committed 11392K, reserved 1058816K
  class space    used 1139K, capacity 1301K, committed 1408K, reserved 1048576K
}
Event: 35.103 GC heap after
{Heap after GC invocations=45 (full 0):
 garbage-first heap   total 262144K, used 5497K [0x0000000700e00000, 0x0000000800000000)
  region size 1024K, 1 young (1024K), 1 survivors (1024K)
 Metaspace       used 10915K, capacity 11284K, committed 11392K, reserved 1058816K
  class space    used 1139K, capacity 1301K, committed 1408K, reserved 1048576K
}
Event: 35.508 GC heap before
{Heap before GC invocations=45 (full 0):
 garbage-first heap   total 262144K, used 160121K [0x0000000700e00000, 0x0000000800000000)
  region size 1024K, 153 young (156672K), 1 survivors (1024K)
 Metaspace       used 10916K, capacity 11284K, committed 11392K, reserved 1058816K
  class space    used 1139K, capacity 1301K, committed 1408K, reserved 1048576K
}
Event: 35.509 GC heap after
{Heap after GC invocations=46 (full 0):
 garbage-first heap   total 262144K, used 5491K [0x0000000700e00000, 0x0000000800000000)
  region size 1024K, 1 young (1024K), 1 survivors (1024K)
 Metaspace       used 10916K, capacity 11284K, committed 11392K, reserved 1058816K
  class space    used 1139K, capacity 1301K, committed 1408K, reserved 1048576K
}
Event: 35.974 GC heap before
{Heap before GC invocations=46 (full 0):
 garbage-first heap   total 262144K, used 160115K [0x0000000700e00000, 0x0000000800000000)
  region size 1024K, 153 young (156672K), 1 survivors (1024K)
 Metaspace       used 10916K, capacity 11284K, committed 11392K, reserved 1058816K
  class space    used 1139K, capacity 1301K, committed 1408K, reserved 1048576K
}
Event: 35.975 GC heap after
{Heap after GC invocations=47 (full 0):
 garbage-first heap   total 262144K, used 5525K [0x0000000700e00000, 0x0000000800000000)
  region size 1024K, 1 young (1024K), 1 survivors (1024K)
 Metaspace       used 10916K, capacity 11284K, committed 11392K, reserved 1058816K
  class space    used 1139K, capacity 1301K, committed 1408K, reserved 1048576K
}
Event: 36.413 GC heap before
{Heap before GC invocations=47 (full 0):
 garbage-first heap   total 262144K, used 160149K [0x0000000700e00000, 0x0000000800000000)
  region size 1024K, 153 young (156672K), 1 survivors (1024K)
 Metaspace       used 10924K, capacity 11284K, committed 11392K, reserved 1058816K
  class space    used 1139K, capacity 1301K, committed 1408K, reserved 1048576K
}
Event: 36.414 GC heap after
{Heap after GC invocations=48 (full 0):
 garbage-first heap   total 262144K, used 5526K [0x0000000700e00000, 0x0000000800000000)
  region size 1024K, 1 young (1024K), 1 survivors (1024K)
 Metaspace       used 10924K, capacity 11284K, committed 11392K, reserved 1058816K
  class space    used 1139K, capacity 1301K, committed 1408K, reserved 1048576K
}
Event: 36.920 GC heap before
{Heap before GC invocations=48 (full 0):
 garbage-first heap   total 262144K, used 160150K [0x0000000700e00000, 0x0000000800000000)
  region size 1024K, 153 young (156672K), 1 survivors (1024K)
 Metaspace       used 10924K, capacity 11284K, committed 11392K, reserved 1058816K
  class space    used 1139K, capacity 1301K, committed 1408K, reserved 1048576K
}
Event: 36.921 GC heap after
{Heap after GC invocations=49 (full 0):
 garbage-first heap   total 262144K, used 5653K [0x0000000700e00000, 0x0000000800000000)
  region size 1024K, 1 young (1024K), 1 survivors (1024K)
 Metaspace       used 10924K, capacity 11284K, committed 11392K, reserved 1058816K
  class space    used 1139K, capacity 1301K, committed 1408K, reserved 1048576K
}

