# JRE version: Java(TM) SE Runtime Environment (14.0.2+12) (build 14.0.2+12-46)
# Java VM: Java HotSpot(TM) 64-Bit Server VM (14.0.2+12-46, mixed mode, sharing, tiered, compressed oops, g1 gc, windows-amd64)
Heap:
 garbage-first heap   total 315392K, used 133154K [0x0000000700e00000, 0x0000000800000000)
  region size 1024K, 95 young (97280K), 14 survivors (14336K)
 Metaspace       used 10722K, capacity 11152K, committed 11392K, reserved 1058816K
  class space    used 1165K, capacity 1361K, committed 1408K, reserved 1048576K
GC Heap History (20 events):
Event: 5.704 GC heap before
{Heap before GC invocations=13 (full 0):
 garbage-first heap   total 262144K, used 171133K [0x0000000700e00000, 0x0000000800000000)
  region size 1024K, 153 young (156672K), 13 survivors (13312K)
 Metaspace       used 10302K, capacity 10719K, committed 10880K, reserved 1058816K
  class space    used 1119K, capacity 1283K, committed 1408K, reserved 1048576K
}
Event: 5.709 GC heap after
{Heap after GC invocations=14 (full 0):
 garbage-first heap   total 315392K, used 29480K [0x0000000700e00000, 0x0000000800000000)
  region size 1024K, 11 young (11264K), 11 survivors (11264K)
 Metaspace       used 10302K, capacity 10719K, committed 10880K, reserved 1058816K
  class space    used 1119K, capacity 1283K, committed 1408K, reserved 1048576K
}
Event: 6.162 GC heap before
{Heap before GC invocations=14 (full 0):
 garbage-first heap   total 315392K, used 205608K [0x0000000700e00000, 0x0000000800000000)
  region size 1024K, 184 young (188416K), 11 survivors (11264K)
 Metaspace       used 10303K, capacity 10719K, committed 10880K, reserved 1058816K
  class space    used 1119K, capacity 1283K, committed 1408K, reserved 1048576K
}
Event: 6.166 GC heap after
{Heap after GC invocations=15 (full 0):
 garbage-first heap   total 315392K, used 31472K [0x0000000700e00000, 0x0000000800000000)
  region size 1024K, 13 young (13312K), 13 survivors (13312K)
 Metaspace       used 10303K, capacity 10719K, committed 10880K, reserved 1058816K
  class space    used 1119K, capacity 1283K, committed 1408K, reserved 1048576K
}
Event: 6.603 GC heap before
{Heap before GC invocations=15 (full 0):
 garbage-first heap   total 315392K, used 205552K [0x0000000700e00000, 0x0000000800000000)
  region size 1024K, 184 young (188416K), 13 survivors (13312K)
 Metaspace       used 10308K, capacity 10719K, committed 10880K, reserved 1058816K
  class space    used 1119K, capacity 1283K, committed 1408K, reserved 1048576K
}
Event: 6.607 GC heap after
{Heap after GC invocations=16 (full 0):
 garbage-first heap   total 315392K, used 32861K [0x0000000700e00000, 0x0000000800000000)
  region size 1024K, 14 young (14336K), 14 survivors (14336K)
 Metaspace       used 10308K, capacity 10719K, committed 10880K, reserved 1058816K
  class space    used 1119K, capacity 1283K, committed 1408K, reserved 1048576K
}
Event: 7.033 GC heap before
{Heap before GC invocations=16 (full 0):
 garbage-first heap   total 315392K, used 205917K [0x0000000700e00000, 0x0000000800000000)
  region size 1024K, 184 young (188416K), 14 survivors (14336K)
 Metaspace       used 10315K, capacity 10719K, committed 10880K, reserved 1058816K
  class space    used 1119K, capacity 1283K, committed 1408K, reserved 1048576K
}
Event: 7.038 GC heap after
{Heap after GC invocations=17 (full 0):
 garbage-first heap   total 315392K, used 34950K [0x0000000700e00000, 0x0000000800000000)
  region size 1024K, 14 young (14336K), 14 survivors (14336K)
 Metaspace       used 10315K, capacity 10719K, committed 10880K, reserved 1058816K
  class space    used 1119K, capacity 1283K, committed 1408K, reserved 1048576K
}
Event: 7.460 GC heap before
{Heap before GC invocations=17 (full 0):
 garbage-first heap   total 315392K, used 211078K [0x0000000700e00000, 0x0000000800000000)
  region size 1024K, 184 young (188416K), 14 survivors (14336K)
 Metaspace       used 10330K, capacity 10719K, committed 10880K, reserved 1058816K
  class space    used 1119K, capacity 1283K, committed 1408K, reserved 1048576K
}
Event: 7.464 GC heap after
{Heap after GC invocations=18 (full 0):
 garbage-first heap   total 315392K, used 38226K [0x0000000700e00000, 0x0000000800000000)
  region size 1024K, 13 young (13312K), 13 survivors (13312K)
 Metaspace       used 10330K, capacity 10719K, committed 10880K, reserved 1058816K
  class space    used 1119K, capacity 1283K, committed 1408K, reserved 1048576K
}
Event: 7.886 GC heap before
{Heap before GC invocations=18 (full 0):
 garbage-first heap   total 315392K, used 212306K [0x0000000700e00000, 0x0000000800000000)
  region size 1024K, 184 young (188416K), 13 survivors (13312K)
 Metaspace       used 10331K, capacity 10719K, committed 10880K, reserved 1058816K
  class space    used 1119K, capacity 1283K, committed 1408K, reserved 1048576K
}
Event: 7.890 GC heap after
{Heap after GC invocations=19 (full 0):
 garbage-first heap   total 315392K, used 40061K [0x0000000700e00000, 0x0000000800000000)
  region size 1024K, 14 young (14336K), 14 survivors (14336K)
 Metaspace       used 10331K, capacity 10719K, committed 10880K, reserved 1058816K
  class space    used 1119K, capacity 1283K, committed 1408K, reserved 1048576K
}
Event: 8.311 GC heap before
{Heap before GC invocations=19 (full 0):
 garbage-first heap   total 315392K, used 213117K [0x0000000700e00000, 0x0000000800000000)
  region size 1024K, 184 young (188416K), 14 survivors (14336K)
 Metaspace       used 10331K, capacity 10719K, committed 10880K, reserved 1058816K
  class space    used 1119K, capacity 1283K, committed 1408K, reserved 1048576K
}
Event: 8.315 GC heap after
{Heap after GC invocations=20 (full 0):
 garbage-first heap   total 315392K, used 42627K [0x0000000700e00000, 0x0000000800000000)
  region size 1024K, 15 young (15360K), 15 survivors (15360K)
 Metaspace       used 10331K, capacity 10719K, committed 10880K, reserved 1058816K
  class space    used 1119K, capacity 1283K, committed 1408K, reserved 1048576K
}
Event: 8.726 GC heap before
{Heap before GC invocations=20 (full 0):
 garbage-first heap   total 315392K, used 216707K [0x0000000700e00000, 0x0000000800000000)
  region size 1024K, 184 young (188416K), 15 survivors (15360K)
 Metaspace       used 10337K, capacity 10719K, committed 10880K, reserved 1058816K
  class space    used 1119K, capacity 1283K, committed 1408K, reserved 1048576K
}
Event: 8.731 GC heap after
{Heap after GC invocations=21 (full 0):
 garbage-first heap   total 315392K, used 45392K [0x0000000700e00000, 0x0000000800000000)
  region size 1024K, 13 young (13312K), 13 survivors (13312K)
 Metaspace       used 10337K, capacity 10719K, committed 10880K, reserved 1058816K
  class space    used 1119K, capacity 1283K, committed 1408K, reserved 1048576K
}
Event: 9.170 GC heap before
{Heap before GC invocations=21 (full 0):
 garbage-first heap   total 315392K, used 219472K [0x0000000700e00000, 0x0000000800000000)
  region size 1024K, 184 young (188416K), 13 survivors (13312K)
 Metaspace       used 10337K, capacity 10719K, committed 10880K, reserved 1058816K
  class space    used 1119K, capacity 1283K, committed 1408K, reserved 1048576K
}
Event: 9.174 GC heap after
{Heap after GC invocations=22 (full 0):
 garbage-first heap   total 315392K, used 47018K [0x0000000700e00000, 0x0000000800000000)
  region size 1024K, 14 young (14336K), 14 survivors (14336K)
 Metaspace       used 10337K, capacity 10719K, committed 10880K, reserved 1058816K
  class space    used 1119K, capacity 1283K, committed 1408K, reserved 1048576K
}
Event: 9.590 GC heap before
{Heap before GC invocations=22 (full 0):
 garbage-first heap   total 315392K, used 224170K [0x0000000700e00000, 0x0000000800000000)
  region size 1024K, 184 young (188416K), 14 survivors (14336K)
 Metaspace       used 10679K, capacity 11142K, committed 11392K, reserved 1058816K
  class space    used 1165K, capacity 1361K, committed 1408K, reserved 1048576K
}
Event: 9.595 GC heap after
{Heap after GC invocations=23 (full 0):
 garbage-first heap   total 315392K, used 52258K [0x0000000700e00000, 0x0000000800000000)
  region size 1024K, 14 young (14336K), 14 survivors (14336K)
 Metaspace       used 10679K, capacity 11142K, committed 11392K, reserved 1058816K
  class space    used 1165K, capacity 1361K, committed 1408K, reserved 1048576K
}

