# JRE version: Java(TM) SE Runtime Environment (14.0.2+12) (build 14.0.2+12-46)
# Java VM: Java HotSpot(TM) 64-Bit Server VM (14.0.2+12-46, mixed mode, sharing, tiered, compressed oops, g1 gc, windows-amd64)
Heap:
 garbage-first heap   total 378880K, used 220104K [0x0000000700e00000, 0x0000000800000000)
  region size 1024K, 184 young (188416K), 17 survivors (17408K)
 Metaspace       used 10819K, capacity 11357K, committed 11392K, reserved 1058816K
  class space    used 1180K, capacity 1392K, committed 1408K, reserved 1048576K
GC Heap History (20 events):
Event: 5.313 GC heap before
{Heap before GC invocations=13 (full 0):
 garbage-first heap   total 262144K, used 168104K [0x0000000700e00000, 0x0000000800000000)
  region size 1024K, 153 young (156672K), 12 survivors (12288K)
 Metaspace       used 10394K, capacity 10857K, committed 11136K, reserved 1058816K
  class space    used 1136K, capacity 1314K, committed 1408K, reserved 1048576K
}
Event: 5.318 GC heap after
{Heap after GC invocations=14 (full 0):
 garbage-first heap   total 315392K, used 26279K [0x0000000700e00000, 0x0000000800000000)
  region size 1024K, 13 young (13312K), 13 survivors (13312K)
 Metaspace       used 10394K, capacity 10857K, committed 11136K, reserved 1058816K
  class space    used 1136K, capacity 1314K, committed 1408K, reserved 1048576K
}
Event: 5.754 GC heap before
{Heap before GC invocations=14 (full 0):
 garbage-first heap   total 315392K, used 202407K [0x0000000700e00000, 0x0000000800000000)
  region size 1024K, 184 young (188416K), 13 survivors (13312K)
 Metaspace       used 10394K, capacity 10857K, committed 11136K, reserved 1058816K
  class space    used 1136K, capacity 1314K, committed 1408K, reserved 1048576K
}
Event: 5.758 GC heap after
{Heap after GC invocations=15 (full 0):
 garbage-first heap   total 315392K, used 29350K [0x0000000700e00000, 0x0000000800000000)
  region size 1024K, 14 young (14336K), 14 survivors (14336K)
 Metaspace       used 10394K, capacity 10857K, committed 11136K, reserved 1058816K
  class space    used 1136K, capacity 1314K, committed 1408K, reserved 1048576K
}
Event: 6.176 GC heap before
{Heap before GC invocations=15 (full 0):
 garbage-first heap   total 315392K, used 202406K [0x0000000700e00000, 0x0000000800000000)
  region size 1024K, 184 young (188416K), 14 survivors (14336K)
 Metaspace       used 10397K, capacity 10857K, committed 11136K, reserved 1058816K
  class space    used 1136K, capacity 1314K, committed 1408K, reserved 1048576K
}
Event: 6.180 GC heap after
{Heap after GC invocations=16 (full 0):
 garbage-first heap   total 315392K, used 30998K [0x0000000700e00000, 0x0000000800000000)
  region size 1024K, 14 young (14336K), 14 survivors (14336K)
 Metaspace       used 10397K, capacity 10857K, committed 11136K, reserved 1058816K
  class space    used 1136K, capacity 1314K, committed 1408K, reserved 1048576K
}
Event: 6.561 GC heap before
{Heap before GC invocations=16 (full 0):
 garbage-first heap   total 315392K, used 204054K [0x0000000700e00000, 0x0000000800000000)
  region size 1024K, 184 young (188416K), 14 survivors (14336K)
 Metaspace       used 10407K, capacity 10857K, committed 11136K, reserved 1058816K
  class space    used 1136K, capacity 1314K, committed 1408K, reserved 1048576K
}
Event: 6.566 GC heap after
{Heap after GC invocations=17 (full 0):
 garbage-first heap   total 315392K, used 33423K [0x0000000700e00000, 0x0000000800000000)
  region size 1024K, 15 young (15360K), 15 survivors (15360K)
 Metaspace       used 10407K, capacity 10857K, committed 11136K, reserved 1058816K
  class space    used 1136K, capacity 1314K, committed 1408K, reserved 1048576K
}
Event: 6.924 GC heap before
{Heap before GC invocations=17 (full 0):
 garbage-first heap   total 315392K, used 205455K [0x0000000700e00000, 0x0000000800000000)
  region size 1024K, 184 young (188416K), 15 survivors (15360K)
 Metaspace       used 10411K, capacity 10857K, committed 11136K, reserved 1058816K
  class space    used 1136K, capacity 1314K, committed 1408K, reserved 1048576K
}
Event: 7.083 GC heap after
{Heap after GC invocations=18 (full 0):
 garbage-first heap   total 378880K, used 33911K [0x0000000700e00000, 0x0000000800000000)
  region size 1024K, 13 young (13312K), 13 survivors (13312K)
 Metaspace       used 10411K, capacity 10857K, committed 11136K, reserved 1058816K
  class space    used 1136K, capacity 1314K, committed 1408K, reserved 1048576K
}
Event: 7.513 GC heap before
{Heap before GC invocations=18 (full 0):
 garbage-first heap   total 378880K, used 246903K [0x0000000700e00000, 0x0000000800000000)
  region size 1024K, 222 young (227328K), 13 survivors (13312K)
 Metaspace       used 10421K, capacity 10857K, committed 11136K, reserved 1058816K
  class space    used 1136K, capacity 1314K, committed 1408K, reserved 1048576K
}
Event: 7.518 GC heap after
{Heap after GC invocations=19 (full 0):
 garbage-first heap   total 378880K, used 35959K [0x0000000700e00000, 0x0000000800000000)
  region size 1024K, 15 young (15360K), 15 survivors (15360K)
 Metaspace       used 10421K, capacity 10857K, committed 11136K, reserved 1058816K
  class space    used 1136K, capacity 1314K, committed 1408K, reserved 1048576K
}
Event: 7.965 GC heap before
{Heap before GC invocations=19 (full 0):
 garbage-first heap   total 378880K, used 248951K [0x0000000700e00000, 0x0000000800000000)
  region size 1024K, 222 young (227328K), 15 survivors (15360K)
 Metaspace       used 10423K, capacity 10857K, committed 11136K, reserved 1058816K
  class space    used 1136K, capacity 1314K, committed 1408K, reserved 1048576K
}
Event: 7.969 GC heap after
{Heap after GC invocations=20 (full 0):
 garbage-first heap   total 378880K, used 39451K [0x0000000700e00000, 0x0000000800000000)
  region size 1024K, 17 young (17408K), 17 survivors (17408K)
 Metaspace       used 10423K, capacity 10857K, committed 11136K, reserved 1058816K
  class space    used 1136K, capacity 1314K, committed 1408K, reserved 1048576K
}
Event: 8.474 GC heap before
{Heap before GC invocations=20 (full 0):
 garbage-first heap   total 378880K, used 248347K [0x0000000700e00000, 0x0000000800000000)
  region size 1024K, 222 young (227328K), 17 survivors (17408K)
 Metaspace       used 10426K, capacity 10857K, committed 11136K, reserved 1058816K
  class space    used 1136K, capacity 1314K, committed 1408K, reserved 1048576K
}
Event: 8.480 GC heap after
{Heap after GC invocations=21 (full 0):
 garbage-first heap   total 378880K, used 41163K [0x0000000700e00000, 0x0000000800000000)
  region size 1024K, 17 young (17408K), 17 survivors (17408K)
 Metaspace       used 10426K, capacity 10857K, committed 11136K, reserved 1058816K
  class space    used 1136K, capacity 1314K, committed 1408K, reserved 1048576K
}
Event: 9.085 GC heap before
{Heap before GC invocations=21 (full 0):
 garbage-first heap   total 378880K, used 252107K [0x0000000700e00000, 0x0000000800000000)
  region size 1024K, 222 young (227328K), 17 survivors (17408K)
 Metaspace       used 10429K, capacity 10857K, committed 11136K, reserved 1058816K
  class space    used 1136K, capacity 1314K, committed 1408K, reserved 1048576K
}
Event: 9.091 GC heap after
{Heap after GC invocations=22 (full 0):
 garbage-first heap   total 378880K, used 45625K [0x0000000700e00000, 0x0000000800000000)
  region size 1024K, 17 young (17408K), 17 survivors (17408K)
 Metaspace       used 10429K, capacity 10857K, committed 11136K, reserved 1058816K
  class space    used 1136K, capacity 1314K, committed 1408K, reserved 1048576K
}
Event: 9.682 GC heap before
{Heap before GC invocations=22 (full 0):
 garbage-first heap   total 378880K, used 254521K [0x0000000700e00000, 0x0000000800000000)
  region size 1024K, 222 young (227328K), 17 survivors (17408K)
 Metaspace       used 10495K, capacity 10925K, committed 11136K, reserved 1058816K
  class space    used 1136K, capacity 1314K, committed 1408K, reserved 1048576K
}
Event: 9.688 GC heap after
{Heap after GC invocations=23 (full 0):
 garbage-first heap   total 378880K, used 47048K [0x0000000700e00000, 0x0000000800000000)
  region size 1024K, 17 young (17408K), 17 survivors (17408K)
 Metaspace       used 10495K, capacity 10925K, committed 11136K, reserved 1058816K
  class space    used 1136K, capacity 1314K, committed 1408K, reserved 1048576K
}

