# JRE version: OpenJDK Runtime Environment (14.0.2+12) (build 14.0.2+12-46)
# Java VM: OpenJDK 64-Bit Server VM (14.0.2+12-46, mixed mode, sharing, tiered, compressed oops, g1 gc, windows-amd64)
Heap:
 garbage-first heap   total 80896K, used 57809K [0x00000000c0000000, 0x0000000100000000)
  region size 1024K, 16 young (16384K), 3 survivors (3072K)
 Metaspace       used 49729K, capacity 51005K, committed 51056K, reserved 1093632K
  class space    used 6564K, capacity 6938K, committed 6952K, reserved 1048576K
GC Heap History (20 events):
Event: 361.198 GC heap before
{Heap before GC invocations=15 (full 0):
 garbage-first heap   total 71680K, used 52353K [0x00000000c0000000, 0x0000000100000000)
  region size 1024K, 20 young (20480K), 3 survivors (3072K)
 Metaspace       used 45899K, capacity 46872K, committed 46960K, reserved 1089536K
  class space    used 6328K, capacity 6674K, committed 6696K, reserved 1048576K
}
Event: 361.202 GC heap after
{Heap after GC invocations=16 (full 0):
 garbage-first heap   total 71680K, used 38292K [0x00000000c0000000, 0x0000000100000000)
  region size 1024K, 3 young (3072K), 3 survivors (3072K)
 Metaspace       used 45899K, capacity 46872K, committed 46960K, reserved 1089536K
  class space    used 6328K, capacity 6674K, committed 6696K, reserved 1048576K
}
Event: 380.475 GC heap before
{Heap before GC invocations=16 (full 0):
 garbage-first heap   total 71680K, used 53652K [0x00000000c0000000, 0x0000000100000000)
  region size 1024K, 18 young (18432K), 3 survivors (3072K)
 Metaspace       used 47190K, capacity 48275K, committed 48496K, reserved 1091584K
  class space    used 6470K, capacity 6838K, committed 6952K, reserved 1048576K
}
Event: 380.478 GC heap after
{Heap after GC invocations=17 (full 0):
 garbage-first heap   total 71680K, used 40406K [0x00000000c0000000, 0x0000000100000000)
  region size 1024K, 2 young (2048K), 2 survivors (2048K)
 Metaspace       used 47190K, capacity 48275K, committed 48496K, reserved 1091584K
  class space    used 6470K, capacity 6838K, committed 6952K, reserved 1048576K
}
Event: 397.367 GC heap before
{Heap before GC invocations=18 (full 0):
 garbage-first heap   total 71680K, used 54742K [0x00000000c0000000, 0x0000000100000000)
  region size 1024K, 16 young (16384K), 2 survivors (2048K)
 Metaspace       used 47776K, capacity 48930K, committed 49008K, reserved 1091584K
  class space    used 6533K, capacity 6910K, committed 6952K, reserved 1048576K
}
Event: 397.370 GC heap after
{Heap after GC invocations=19 (full 0):
 garbage-first heap   total 71680K, used 41867K [0x00000000c0000000, 0x0000000100000000)
  region size 1024K, 2 young (2048K), 2 survivors (2048K)
 Metaspace       used 47776K, capacity 48930K, committed 49008K, reserved 1091584K
  class space    used 6533K, capacity 6910K, committed 6952K, reserved 1048576K
}
Event: 409.136 GC heap before
{Heap before GC invocations=19 (full 0):
 garbage-first heap   total 71680K, used 54155K [0x00000000c0000000, 0x0000000100000000)
  region size 1024K, 15 young (15360K), 2 survivors (2048K)
 Metaspace       used 48103K, capacity 49350K, committed 49520K, reserved 1091584K
  class space    used 6538K, capacity 6919K, committed 6952K, reserved 1048576K
}
Event: 409.139 GC heap after
{Heap after GC invocations=20 (full 0):
 garbage-first heap   total 71680K, used 44920K [0x00000000c0000000, 0x0000000100000000)
  region size 1024K, 2 young (2048K), 2 survivors (2048K)
 Metaspace       used 48103K, capacity 49350K, committed 49520K, reserved 1091584K
  class space    used 6538K, capacity 6919K, committed 6952K, reserved 1048576K
}
Event: 409.951 GC heap before
{Heap before GC invocations=21 (full 0):
 garbage-first heap   total 78848K, used 56184K [0x00000000c0000000, 0x0000000100000000)
  region size 1024K, 13 young (13312K), 2 survivors (2048K)
 Metaspace       used 48280K, capacity 49549K, committed 49776K, reserved 1091584K
  class space    used 6538K, capacity 6919K, committed 6952K, reserved 1048576K
}
Event: 409.955 GC heap after
{Heap after GC invocations=22 (full 0):
 garbage-first heap   total 78848K, used 48426K [0x00000000c0000000, 0x0000000100000000)
  region size 1024K, 2 young (2048K), 2 survivors (2048K)
 Metaspace       used 48280K, capacity 49549K, committed 49776K, reserved 1091584K
  class space    used 6538K, capacity 6919K, committed 6952K, reserved 1048576K
}
Event: 409.961 GC heap before
{Heap before GC invocations=22 (full 0):
 garbage-first heap   total 78848K, used 49450K [0x00000000c0000000, 0x0000000100000000)
  region size 1024K, 3 young (3072K), 2 survivors (2048K)
 Metaspace       used 48281K, capacity 49549K, committed 49776K, reserved 1091584K
  class space    used 6538K, capacity 6919K, committed 6952K, reserved 1048576K
}
Event: 409.964 GC heap after
{Heap after GC invocations=23 (full 0):
 garbage-first heap   total 78848K, used 43456K [0x00000000c0000000, 0x0000000100000000)
  region size 1024K, 1 young (1024K), 1 survivors (1024K)
 Metaspace       used 48281K, capacity 49549K, committed 49776K, reserved 1091584K
  class space    used 6538K, capacity 6919K, committed 6952K, reserved 1048576K
}
Event: 409.968 GC heap before
{Heap before GC invocations=23 (full 0):
 garbage-first heap   total 78848K, used 45504K [0x00000000c0000000, 0x0000000100000000)
  region size 1024K, 3 young (3072K), 1 survivors (1024K)
 Metaspace       used 48282K, capacity 49549K, committed 49776K, reserved 1091584K
  class space    used 6538K, capacity 6919K, committed 6952K, reserved 1048576K
}
Event: 409.972 GC heap after
{Heap after GC invocations=24 (full 0):
 garbage-first heap   total 78848K, used 40923K [0x00000000c0000000, 0x0000000100000000)
  region size 1024K, 1 young (1024K), 1 survivors (1024K)
 Metaspace       used 48282K, capacity 49549K, committed 49776K, reserved 1091584K
  class space    used 6538K, capacity 6919K, committed 6952K, reserved 1048576K
}
Event: 410.096 GC heap before
{Heap before GC invocations=24 (full 0):
 garbage-first heap   total 78848K, used 58331K [0x00000000c0000000, 0x0000000100000000)
  region size 1024K, 18 young (18432K), 1 survivors (1024K)
 Metaspace       used 48513K, capacity 49823K, committed 50032K, reserved 1093632K
  class space    used 6538K, capacity 6919K, committed 6952K, reserved 1048576K
}
Event: 410.099 GC heap after
{Heap after GC invocations=25 (full 0):
 garbage-first heap   total 78848K, used 43969K [0x00000000c0000000, 0x0000000100000000)
  region size 1024K, 3 young (3072K), 3 survivors (3072K)
 Metaspace       used 48513K, capacity 49823K, committed 50032K, reserved 1093632K
  class space    used 6538K, capacity 6919K, committed 6952K, reserved 1048576K
}
Event: 410.549 GC heap before
{Heap before GC invocations=26 (full 0):
 garbage-first heap   total 78848K, used 60353K [0x00000000c0000000, 0x0000000100000000)
  region size 1024K, 19 young (19456K), 3 survivors (3072K)
 Metaspace       used 49343K, capacity 50600K, committed 50800K, reserved 1093632K
  class space    used 6560K, capacity 6936K, committed 6952K, reserved 1048576K
}
Event: 410.552 GC heap after
{Heap after GC invocations=27 (full 0):
 garbage-first heap   total 78848K, used 45300K [0x00000000c0000000, 0x0000000100000000)
  region size 1024K, 2 young (2048K), 2 survivors (2048K)
 Metaspace       used 49343K, capacity 50600K, committed 50800K, reserved 1093632K
  class space    used 6560K, capacity 6936K, committed 6952K, reserved 1048576K
}
Event: 410.893 GC heap before
{Heap before GC invocations=27 (full 0):
 garbage-first heap   total 78848K, used 61684K [0x00000000c0000000, 0x0000000100000000)
  region size 1024K, 18 young (18432K), 2 survivors (2048K)
 Metaspace       used 49549K, capacity 50870K, committed 51056K, reserved 1093632K
  class space    used 6562K, capacity 6938K, committed 6952K, reserved 1048576K
}
Event: 410.896 GC heap after
{Heap after GC invocations=28 (full 0):
 garbage-first heap   total 78848K, used 46545K [0x00000000c0000000, 0x0000000100000000)
  region size 1024K, 3 young (3072K), 3 survivors (3072K)
 Metaspace       used 49549K, capacity 50870K, committed 51056K, reserved 1093632K
  class space    used 6562K, capacity 6938K, committed 6952K, reserved 1048576K
}

