# JRE version: Java(TM) SE Runtime Environment (14.0.2+12) (build 14.0.2+12-46)
# Java VM: Java HotSpot(TM) 64-Bit Server VM (14.0.2+12-46, mixed mode, sharing, tiered, compressed oops, g1 gc, windows-amd64)
Heap:
 garbage-first heap   total 378880K, used 246663K [0x0000000700e00000, 0x0000000800000000)
  region size 1024K, 206 young (210944K), 14 survivors (14336K)
 Metaspace       used 10910K, capacity 11444K, committed 11648K, reserved 1058816K
  class space    used 1197K, capacity 1400K, committed 1408K, reserved 1048576K
GC Heap History (20 events):
Event: 7.287 GC heap before
{Heap before GC invocations=15 (full 0):
 garbage-first heap   total 315392K, used 204776K [0x0000000700e00000, 0x0000000800000000)
  region size 1024K, 184 young (188416K), 11 survivors (11264K)
 Metaspace       used 10493K, capacity 10877K, committed 11136K, reserved 1058816K
  class space    used 1151K, capacity 1322K, committed 1408K, reserved 1048576K
}
Event: 7.291 GC heap after
{Heap after GC invocations=16 (full 0):
 garbage-first heap   total 315392K, used 30336K [0x0000000700e00000, 0x0000000800000000)
  region size 1024K, 12 young (12288K), 12 survivors (12288K)
 Metaspace       used 10493K, capacity 10877K, committed 11136K, reserved 1058816K
  class space    used 1151K, capacity 1322K, committed 1408K, reserved 1048576K
}
Event: 7.720 GC heap before
{Heap before GC invocations=16 (full 0):
 garbage-first heap   total 315392K, used 205440K [0x0000000700e00000, 0x0000000800000000)
  region size 1024K, 184 young (188416K), 12 survivors (12288K)
 Metaspace       used 10496K, capacity 10877K, committed 11136K, reserved 1058816K
  class space    used 1151K, capacity 1322K, committed 1408K, reserved 1048576K
}
Event: 7.725 GC heap after
{Heap after GC invocations=17 (full 0):
 garbage-first heap   total 315392K, used 33102K [0x0000000700e00000, 0x0000000800000000)
  region size 1024K, 15 young (15360K), 15 survivors (15360K)
 Metaspace       used 10496K, capacity 10877K, committed 11136K, reserved 1058816K
  class space    used 1151K, capacity 1322K, committed 1408K, reserved 1048576K
}
Event: 8.155 GC heap before
{Heap before GC invocations=17 (full 0):
 garbage-first heap   total 315392K, used 205134K [0x0000000700e00000, 0x0000000800000000)
  region size 1024K, 184 young (188416K), 15 survivors (15360K)
 Metaspace       used 10501K, capacity 10877K, committed 11136K, reserved 1058816K
  class space    used 1151K, capacity 1322K, committed 1408K, reserved 1048576K
}
Event: 8.160 GC heap after
{Heap after GC invocations=18 (full 0):
 garbage-first heap   total 315392K, used 33000K [0x0000000700e00000, 0x0000000800000000)
  region size 1024K, 13 young (13312K), 13 survivors (13312K)
 Metaspace       used 10501K, capacity 10877K, committed 11136K, reserved 1058816K
  class space    used 1151K, capacity 1322K, committed 1408K, reserved 1048576K
}
Event: 8.611 GC heap before
{Heap before GC invocations=18 (full 0):
 garbage-first heap   total 315392K, used 207080K [0x0000000700e00000, 0x0000000800000000)
  region size 1024K, 184 young (188416K), 13 survivors (13312K)
 Metaspace       used 10531K, capacity 10947K, committed 11136K, reserved 1058816K
  class space    used 1151K, capacity 1322K, committed 1408K, reserved 1048576K
}
Event: 8.615 GC heap after
{Heap after GC invocations=19 (full 0):
 garbage-first heap   total 315392K, used 35319K [0x0000000700e00000, 0x0000000800000000)
  region size 1024K, 14 young (14336K), 14 survivors (14336K)
 Metaspace       used 10531K, capacity 10947K, committed 11136K, reserved 1058816K
  class space    used 1151K, capacity 1322K, committed 1408K, reserved 1048576K
}
Event: 9.032 GC heap before
{Heap before GC invocations=19 (full 0):
 garbage-first heap   total 315392K, used 210423K [0x0000000700e00000, 0x0000000800000000)
  region size 1024K, 184 young (188416K), 14 survivors (14336K)
 Metaspace       used 10534K, capacity 10947K, committed 11136K, reserved 1058816K
  class space    used 1151K, capacity 1322K, committed 1408K, reserved 1048576K
}
Event: 9.037 GC heap after
{Heap after GC invocations=20 (full 0):
 garbage-first heap   total 315392K, used 38220K [0x0000000700e00000, 0x0000000800000000)
  region size 1024K, 13 young (13312K), 13 survivors (13312K)
 Metaspace       used 10534K, capacity 10947K, committed 11136K, reserved 1058816K
  class space    used 1151K, capacity 1322K, committed 1408K, reserved 1048576K
}
Event: 9.429 GC heap before
{Heap before GC invocations=20 (full 0):
 garbage-first heap   total 315392K, used 212300K [0x0000000700e00000, 0x0000000800000000)
  region size 1024K, 184 young (188416K), 13 survivors (13312K)
 Metaspace       used 10536K, capacity 10947K, committed 11136K, reserved 1058816K
  class space    used 1151K, capacity 1322K, committed 1408K, reserved 1048576K
}
Event: 9.433 GC heap after
{Heap after GC invocations=21 (full 0):
 garbage-first heap   total 315392K, used 39877K [0x0000000700e00000, 0x0000000800000000)
  region size 1024K, 14 young (14336K), 14 survivors (14336K)
 Metaspace       used 10536K, capacity 10947K, committed 11136K, reserved 1058816K
  class space    used 1151K, capacity 1322K, committed 1408K, reserved 1048576K
}
Event: 9.862 GC heap before
{Heap before GC invocations=21 (full 0):
 garbage-first heap   total 315392K, used 212933K [0x0000000700e00000, 0x0000000800000000)
  region size 1024K, 184 young (188416K), 14 survivors (14336K)
 Metaspace       used 10536K, capacity 10947K, committed 11136K, reserved 1058816K
  class space    used 1151K, capacity 1322K, committed 1408K, reserved 1048576K
}
Event: 9.867 GC heap after
{Heap after GC invocations=22 (full 0):
 garbage-first heap   total 315392K, used 42224K [0x0000000700e00000, 0x0000000800000000)
  region size 1024K, 15 young (15360K), 15 survivors (15360K)
 Metaspace       used 10536K, capacity 10947K, committed 11136K, reserved 1058816K
  class space    used 1151K, capacity 1322K, committed 1408K, reserved 1048576K
}
Event: 10.297 GC heap before
{Heap before GC invocations=22 (full 0):
 garbage-first heap   total 315392K, used 216304K [0x0000000700e00000, 0x0000000800000000)
  region size 1024K, 184 young (188416K), 15 survivors (15360K)
 Metaspace       used 10541K, capacity 10947K, committed 11136K, reserved 1058816K
  class space    used 1151K, capacity 1322K, committed 1408K, reserved 1048576K
}
Event: 10.302 GC heap after
{Heap after GC invocations=23 (full 0):
 garbage-first heap   total 315392K, used 45294K [0x0000000700e00000, 0x0000000800000000)
  region size 1024K, 13 young (13312K), 13 survivors (13312K)
 Metaspace       used 10541K, capacity 10947K, committed 11136K, reserved 1058816K
  class space    used 1151K, capacity 1322K, committed 1408K, reserved 1048576K
}
Event: 10.742 GC heap before
{Heap before GC invocations=23 (full 0):
 garbage-first heap   total 315392K, used 219374K [0x0000000700e00000, 0x0000000800000000)
  region size 1024K, 184 young (188416K), 13 survivors (13312K)
 Metaspace       used 10541K, capacity 10947K, committed 11136K, reserved 1058816K
  class space    used 1151K, capacity 1322K, committed 1408K, reserved 1048576K
}
Event: 10.748 GC heap after
{Heap after GC invocations=24 (full 0):
 garbage-first heap   total 378880K, used 46757K [0x0000000700e00000, 0x0000000800000000)
  region size 1024K, 13 young (13312K), 13 survivors (13312K)
 Metaspace       used 10541K, capacity 10947K, committed 11136K, reserved 1058816K
  class space    used 1151K, capacity 1322K, committed 1408K, reserved 1048576K
}
Event: 11.298 GC heap before
{Heap before GC invocations=24 (full 0):
 garbage-first heap   total 378880K, used 263845K [0x0000000700e00000, 0x0000000800000000)
  region size 1024K, 222 young (227328K), 13 survivors (13312K)
 Metaspace       used 10735K, capacity 11189K, committed 11392K, reserved 1058816K
  class space    used 1186K, capacity 1363K, committed 1408K, reserved 1048576K
}
Event: 11.303 GC heap after
{Heap after GC invocations=25 (full 0):
 garbage-first heap   total 378880K, used 52103K [0x0000000700e00000, 0x0000000800000000)
  region size 1024K, 14 young (14336K), 14 survivors (14336K)
 Metaspace       used 10735K, capacity 11189K, committed 11392K, reserved 1058816K
  class space    used 1186K, capacity 1363K, committed 1408K, reserved 1048576K
}

