# JRE version: Java(TM) SE Runtime Environment (14.0.2+12) (build 14.0.2+12-46)
# Java VM: Java HotSpot(TM) 64-Bit Server VM (14.0.2+12-46, mixed mode, sharing, tiered, compressed oops, g1 gc, windows-amd64)
Heap:
 garbage-first heap   total 378880K, used 126568K [0x0000000700e00000, 0x0000000800000000)
  region size 1024K, 12 young (12288K), 12 survivors (12288K)
 Metaspace       used 11021K, capacity 11511K, committed 11648K, reserved 1058816K
  class space    used 1176K, capacity 1373K, committed 1408K, reserved 1048576K
GC Heap History (20 events):
Event: 40.807 GC heap before
{Heap before GC invocations=55 (full 0):
 garbage-first heap   total 315392K, used 270169K [0x0000000700e00000, 0x0000000800000000)
  region size 1024K, 167 young (171008K), 12 survivors (12288K)
 Metaspace       used 10987K, capacity 11439K, committed 11648K, reserved 1058816K
  class space    used 1171K, capacity 1371K, committed 1408K, reserved 1048576K
}
Event: 40.810 GC heap after
{Heap after GC invocations=56 (full 0):
 garbage-first heap   total 315392K, used 113925K [0x0000000700e00000, 0x0000000800000000)
  region size 1024K, 12 young (12288K), 12 survivors (12288K)
 Metaspace       used 10987K, capacity 11439K, committed 11648K, reserved 1058816K
  class space    used 1171K, capacity 1371K, committed 1408K, reserved 1048576K
}
Event: 41.139 GC heap before
{Heap before GC invocations=56 (full 0):
 garbage-first heap   total 315392K, used 270597K [0x0000000700e00000, 0x0000000800000000)
  region size 1024K, 165 young (168960K), 12 survivors (12288K)
 Metaspace       used 10991K, capacity 11503K, committed 11648K, reserved 1058816K
  class space    used 1171K, capacity 1371K, committed 1408K, reserved 1048576K
}
Event: 41.144 GC heap after
{Heap after GC invocations=57 (full 0):
 garbage-first heap   total 315392K, used 115291K [0x0000000700e00000, 0x0000000800000000)
  region size 1024K, 12 young (12288K), 12 survivors (12288K)
 Metaspace       used 10991K, capacity 11503K, committed 11648K, reserved 1058816K
  class space    used 1171K, capacity 1371K, committed 1408K, reserved 1048576K
}
Event: 41.457 GC heap before
{Heap before GC invocations=57 (full 0):
 garbage-first heap   total 315392K, used 269915K [0x0000000700e00000, 0x0000000800000000)
  region size 1024K, 164 young (167936K), 12 survivors (12288K)
 Metaspace       used 10991K, capacity 11503K, committed 11648K, reserved 1058816K
  class space    used 1171K, capacity 1371K, committed 1408K, reserved 1048576K
}
Event: 41.460 GC heap after
{Heap after GC invocations=58 (full 0):
 garbage-first heap   total 315392K, used 116431K [0x0000000700e00000, 0x0000000800000000)
  region size 1024K, 12 young (12288K), 12 survivors (12288K)
 Metaspace       used 10991K, capacity 11503K, committed 11648K, reserved 1058816K
  class space    used 1171K, capacity 1371K, committed 1408K, reserved 1048576K
}
Event: 41.789 GC heap before
{Heap before GC invocations=58 (full 0):
 garbage-first heap   total 315392K, used 270031K [0x0000000700e00000, 0x0000000800000000)
  region size 1024K, 163 young (166912K), 12 survivors (12288K)
 Metaspace       used 10992K, capacity 11503K, committed 11648K, reserved 1058816K
  class space    used 1171K, capacity 1371K, committed 1408K, reserved 1048576K
}
Event: 41.792 GC heap after
{Heap after GC invocations=59 (full 0):
 garbage-first heap   total 315392K, used 117762K [0x0000000700e00000, 0x0000000800000000)
  region size 1024K, 12 young (12288K), 12 survivors (12288K)
 Metaspace       used 10992K, capacity 11503K, committed 11648K, reserved 1058816K
  class space    used 1171K, capacity 1371K, committed 1408K, reserved 1048576K
}
Event: 42.178 GC heap before
{Heap before GC invocations=59 (full 0):
 garbage-first heap   total 315392K, used 269314K [0x0000000700e00000, 0x0000000800000000)
  region size 1024K, 161 young (164864K), 12 survivors (12288K)
 Metaspace       used 10992K, capacity 11503K, committed 11648K, reserved 1058816K
  class space    used 1171K, capacity 1371K, committed 1408K, reserved 1048576K
}
Event: 42.183 GC heap after
{Heap after GC invocations=60 (full 0):
 garbage-first heap   total 315392K, used 118763K [0x0000000700e00000, 0x0000000800000000)
  region size 1024K, 12 young (12288K), 12 survivors (12288K)
 Metaspace       used 10992K, capacity 11503K, committed 11648K, reserved 1058816K
  class space    used 1171K, capacity 1371K, committed 1408K, reserved 1048576K
}
Event: 42.490 GC heap before
{Heap before GC invocations=60 (full 0):
 garbage-first heap   total 315392K, used 269291K [0x0000000700e00000, 0x0000000800000000)
  region size 1024K, 160 young (163840K), 12 survivors (12288K)
 Metaspace       used 10992K, capacity 11503K, committed 11648K, reserved 1058816K
  class space    used 1171K, capacity 1371K, committed 1408K, reserved 1048576K
}
Event: 42.493 GC heap after
{Heap after GC invocations=61 (full 0):
 garbage-first heap   total 315392K, used 120081K [0x0000000700e00000, 0x0000000800000000)
  region size 1024K, 12 young (12288K), 12 survivors (12288K)
 Metaspace       used 10992K, capacity 11503K, committed 11648K, reserved 1058816K
  class space    used 1171K, capacity 1371K, committed 1408K, reserved 1048576K
}
Event: 42.805 GC heap before
{Heap before GC invocations=61 (full 0):
 garbage-first heap   total 315392K, used 269585K [0x0000000700e00000, 0x0000000800000000)
  region size 1024K, 159 young (162816K), 12 survivors (12288K)
 Metaspace       used 11014K, capacity 11509K, committed 11648K, reserved 1058816K
  class space    used 1176K, capacity 1373K, committed 1408K, reserved 1048576K
}
Event: 42.809 GC heap after
{Heap after GC invocations=62 (full 0):
 garbage-first heap   total 315392K, used 120951K [0x0000000700e00000, 0x0000000800000000)
  region size 1024K, 11 young (11264K), 11 survivors (11264K)
 Metaspace       used 11014K, capacity 11509K, committed 11648K, reserved 1058816K
  class space    used 1176K, capacity 1373K, committed 1408K, reserved 1048576K
}
Event: 43.123 GC heap before
{Heap before GC invocations=62 (full 0):
 garbage-first heap   total 315392K, used 270455K [0x0000000700e00000, 0x0000000800000000)
  region size 1024K, 158 young (161792K), 11 survivors (11264K)
 Metaspace       used 11014K, capacity 11509K, committed 11648K, reserved 1058816K
  class space    used 1176K, capacity 1373K, committed 1408K, reserved 1048576K
}
Event: 43.127 GC heap after
{Heap after GC invocations=63 (full 0):
 garbage-first heap   total 315392K, used 121876K [0x0000000700e00000, 0x0000000800000000)
  region size 1024K, 11 young (11264K), 11 survivors (11264K)
 Metaspace       used 11014K, capacity 11509K, committed 11648K, reserved 1058816K
  class space    used 1176K, capacity 1373K, committed 1408K, reserved 1048576K
}
Event: 43.440 GC heap before
{Heap before GC invocations=63 (full 0):
 garbage-first heap   total 315392K, used 271380K [0x0000000700e00000, 0x0000000800000000)
  region size 1024K, 157 young (160768K), 11 survivors (11264K)
 Metaspace       used 11014K, capacity 11509K, committed 11648K, reserved 1058816K
  class space    used 1176K, capacity 1373K, committed 1408K, reserved 1048576K
}
Event: 43.444 GC heap after
{Heap after GC invocations=64 (full 0):
 garbage-first heap   total 315392K, used 123465K [0x0000000700e00000, 0x0000000800000000)
  region size 1024K, 11 young (11264K), 11 survivors (11264K)
 Metaspace       used 11014K, capacity 11509K, committed 11648K, reserved 1058816K
  class space    used 1176K, capacity 1373K, committed 1408K, reserved 1048576K
}
Event: 43.756 GC heap before
{Heap before GC invocations=64 (full 0):
 garbage-first heap   total 315392K, used 270921K [0x0000000700e00000, 0x0000000800000000)
  region size 1024K, 156 young (159744K), 11 survivors (11264K)
 Metaspace       used 11014K, capacity 11509K, committed 11648K, reserved 1058816K
  class space    used 1176K, capacity 1373K, committed 1408K, reserved 1048576K
}
Event: 43.760 GC heap after
{Heap after GC invocations=65 (full 0):
 garbage-first heap   total 315392K, used 124697K [0x0000000700e00000, 0x0000000800000000)
  region size 1024K, 11 young (11264K), 11 survivors (11264K)
 Metaspace       used 11014K, capacity 11509K, committed 11648K, reserved 1058816K
  class space    used 1176K, capacity 1373K, committed 1408K, reserved 1048576K
}

