# JRE version: Java(TM) SE Runtime Environment (14.0.2+12) (build 14.0.2+12-46)
# Java VM: Java HotSpot(TM) 64-Bit Server VM (14.0.2+12-46, mixed mode, sharing, tiered, compressed oops, g1 gc, windows-amd64)
Heap:
 garbage-first heap   total 378880K, used 202872K [0x0000000700e00000, 0x0000000800000000)
  region size 1024K, 166 young (169984K), 17 survivors (17408K)
 Metaspace       used 10758K, capacity 11201K, committed 11392K, reserved 1058816K
  class space    used 1169K, capacity 1376K, committed 1408K, reserved 1048576K
GC Heap History (20 events):
Event: 5.197 GC heap before
{Heap before GC invocations=12 (full 0):
 garbage-first heap   total 262144K, used 167924K [0x0000000700e00000, 0x0000000800000000)
  region size 1024K, 153 young (156672K), 11 survivors (11264K)
 Metaspace       used 10331K, capacity 10765K, committed 10880K, reserved 1058816K
  class space    used 1124K, capacity 1298K, committed 1408K, reserved 1048576K
}
Event: 5.202 GC heap after
{Heap after GC invocations=13 (full 0):
 garbage-first heap   total 315392K, used 24457K [0x0000000700e00000, 0x0000000800000000)
  region size 1024K, 12 young (12288K), 12 survivors (12288K)
 Metaspace       used 10331K, capacity 10765K, committed 10880K, reserved 1058816K
  class space    used 1124K, capacity 1298K, committed 1408K, reserved 1048576K
}
Event: 5.673 GC heap before
{Heap before GC invocations=13 (full 0):
 garbage-first heap   total 315392K, used 199561K [0x0000000700e00000, 0x0000000800000000)
  region size 1024K, 184 young (188416K), 12 survivors (12288K)
 Metaspace       used 10333K, capacity 10765K, committed 10880K, reserved 1058816K
  class space    used 1124K, capacity 1298K, committed 1408K, reserved 1048576K
}
Event: 5.679 GC heap after
{Heap after GC invocations=14 (full 0):
 garbage-first heap   total 315392K, used 27529K [0x0000000700e00000, 0x0000000800000000)
  region size 1024K, 15 young (15360K), 15 survivors (15360K)
 Metaspace       used 10333K, capacity 10765K, committed 10880K, reserved 1058816K
  class space    used 1124K, capacity 1298K, committed 1408K, reserved 1048576K
}
Event: 6.129 GC heap before
{Heap before GC invocations=14 (full 0):
 garbage-first heap   total 315392K, used 201609K [0x0000000700e00000, 0x0000000800000000)
  region size 1024K, 184 young (188416K), 15 survivors (15360K)
 Metaspace       used 10336K, capacity 10765K, committed 10880K, reserved 1058816K
  class space    used 1124K, capacity 1298K, committed 1408K, reserved 1048576K
}
Event: 6.134 GC heap after
{Heap after GC invocations=15 (full 0):
 garbage-first heap   total 315392K, used 29831K [0x0000000700e00000, 0x0000000800000000)
  region size 1024K, 13 young (13312K), 13 survivors (13312K)
 Metaspace       used 10336K, capacity 10765K, committed 10880K, reserved 1058816K
  class space    used 1124K, capacity 1298K, committed 1408K, reserved 1048576K
}
Event: 6.569 GC heap before
{Heap before GC invocations=15 (full 0):
 garbage-first heap   total 315392K, used 203911K [0x0000000700e00000, 0x0000000800000000)
  region size 1024K, 184 young (188416K), 13 survivors (13312K)
 Metaspace       used 10360K, capacity 10765K, committed 10880K, reserved 1058816K
  class space    used 1124K, capacity 1298K, committed 1408K, reserved 1048576K
}
Event: 6.574 GC heap after
{Heap after GC invocations=16 (full 0):
 garbage-first heap   total 315392K, used 32506K [0x0000000700e00000, 0x0000000800000000)
  region size 1024K, 15 young (15360K), 15 survivors (15360K)
 Metaspace       used 10360K, capacity 10765K, committed 10880K, reserved 1058816K
  class space    used 1124K, capacity 1298K, committed 1408K, reserved 1048576K
}
Event: 7.022 GC heap before
{Heap before GC invocations=16 (full 0):
 garbage-first heap   total 315392K, used 204538K [0x0000000700e00000, 0x0000000800000000)
  region size 1024K, 184 young (188416K), 15 survivors (15360K)
 Metaspace       used 10364K, capacity 10765K, committed 10880K, reserved 1058816K
  class space    used 1124K, capacity 1298K, committed 1408K, reserved 1048576K
}
Event: 7.027 GC heap after
{Heap after GC invocations=17 (full 0):
 garbage-first heap   total 378880K, used 34082K [0x0000000700e00000, 0x0000000800000000)
  region size 1024K, 14 young (14336K), 14 survivors (14336K)
 Metaspace       used 10364K, capacity 10765K, committed 10880K, reserved 1058816K
  class space    used 1124K, capacity 1298K, committed 1408K, reserved 1048576K
}
Event: 7.595 GC heap before
{Heap before GC invocations=17 (full 0):
 garbage-first heap   total 378880K, used 248098K [0x0000000700e00000, 0x0000000800000000)
  region size 1024K, 222 young (227328K), 14 survivors (14336K)
 Metaspace       used 10367K, capacity 10765K, committed 10880K, reserved 1058816K
  class space    used 1124K, capacity 1298K, committed 1408K, reserved 1048576K
}
Event: 7.600 GC heap after
{Heap after GC invocations=18 (full 0):
 garbage-first heap   total 378880K, used 37343K [0x0000000700e00000, 0x0000000800000000)
  region size 1024K, 15 young (15360K), 15 survivors (15360K)
 Metaspace       used 10367K, capacity 10765K, committed 10880K, reserved 1058816K
  class space    used 1124K, capacity 1298K, committed 1408K, reserved 1048576K
}
Event: 8.165 GC heap before
{Heap before GC invocations=18 (full 0):
 garbage-first heap   total 378880K, used 248287K [0x0000000700e00000, 0x0000000800000000)
  region size 1024K, 222 young (227328K), 15 survivors (15360K)
 Metaspace       used 10371K, capacity 10765K, committed 10880K, reserved 1058816K
  class space    used 1124K, capacity 1298K, committed 1408K, reserved 1048576K
}
Event: 8.170 GC heap after
{Heap after GC invocations=19 (full 0):
 garbage-first heap   total 378880K, used 39280K [0x0000000700e00000, 0x0000000800000000)
  region size 1024K, 17 young (17408K), 17 survivors (17408K)
 Metaspace       used 10371K, capacity 10765K, committed 10880K, reserved 1058816K
  class space    used 1124K, capacity 1298K, committed 1408K, reserved 1048576K
}
Event: 8.714 GC heap before
{Heap before GC invocations=19 (full 0):
 garbage-first heap   total 378880K, used 248176K [0x0000000700e00000, 0x0000000800000000)
  region size 1024K, 222 young (227328K), 17 survivors (17408K)
 Metaspace       used 10406K, capacity 10832K, committed 11136K, reserved 1058816K
  class space    used 1124K, capacity 1298K, committed 1408K, reserved 1048576K
}
Event: 8.720 GC heap after
{Heap after GC invocations=20 (full 0):
 garbage-first heap   total 378880K, used 42582K [0x0000000700e00000, 0x0000000800000000)
  region size 1024K, 18 young (18432K), 18 survivors (18432K)
 Metaspace       used 10406K, capacity 10832K, committed 11136K, reserved 1058816K
  class space    used 1124K, capacity 1298K, committed 1408K, reserved 1048576K
}
Event: 9.250 GC heap before
{Heap before GC invocations=20 (full 0):
 garbage-first heap   total 378880K, used 252502K [0x0000000700e00000, 0x0000000800000000)
  region size 1024K, 222 young (227328K), 18 survivors (18432K)
 Metaspace       used 10408K, capacity 10832K, committed 11136K, reserved 1058816K
  class space    used 1124K, capacity 1298K, committed 1408K, reserved 1048576K
}
Event: 9.255 GC heap after
{Heap after GC invocations=21 (full 0):
 garbage-first heap   total 378880K, used 45862K [0x0000000700e00000, 0x0000000800000000)
  region size 1024K, 16 young (16384K), 16 survivors (16384K)
 Metaspace       used 10408K, capacity 10832K, committed 11136K, reserved 1058816K
  class space    used 1124K, capacity 1298K, committed 1408K, reserved 1048576K
}
Event: 9.786 GC heap before
{Heap before GC invocations=21 (full 0):
 garbage-first heap   total 378880K, used 259878K [0x0000000700e00000, 0x0000000800000000)
  region size 1024K, 222 young (227328K), 16 survivors (16384K)
 Metaspace       used 10408K, capacity 10832K, committed 11136K, reserved 1058816K
  class space    used 1124K, capacity 1298K, committed 1408K, reserved 1048576K
}
Event: 9.794 GC heap after
{Heap after GC invocations=22 (full 0):
 garbage-first heap   total 378880K, used 52344K [0x0000000700e00000, 0x0000000800000000)
  region size 1024K, 17 young (17408K), 17 survivors (17408K)
 Metaspace       used 10408K, capacity 10832K, committed 11136K, reserved 1058816K
  class space    used 1124K, capacity 1298K, committed 1408K, reserved 1048576K
}

