# JRE version: Java(TM) SE Runtime Environment (14.0.2+12) (build 14.0.2+12-46)
# Java VM: Java HotSpot(TM) 64-Bit Server VM (14.0.2+12-46, mixed mode, sharing, tiered, compressed oops, g1 gc, windows-amd64)
Heap:
 garbage-first heap   total 378880K, used 153688K [0x0000000700e00000, 0x0000000800000000)
  region size 1024K, 118 young (120832K), 17 survivors (17408K)
 Metaspace       used 10802K, capacity 11288K, committed 11392K, reserved 1058816K
  class space    used 1179K, capacity 1385K, committed 1408K, reserved 1048576K
GC Heap History (20 events):
Event: 5.692 GC heap before
{Heap before GC invocations=14 (full 0):
 garbage-first heap   total 262144K, used 172618K [0x0000000700e00000, 0x0000000800000000)
  region size 1024K, 153 young (156672K), 12 survivors (12288K)
 Metaspace       used 10332K, capacity 10787K, committed 11136K, reserved 1058816K
  class space    used 1133K, capacity 1307K, committed 1408K, reserved 1048576K
}
Event: 5.697 GC heap after
{Heap after GC invocations=15 (full 0):
 garbage-first heap   total 315392K, used 28837K [0x0000000700e00000, 0x0000000800000000)
  region size 1024K, 11 young (11264K), 11 survivors (11264K)
 Metaspace       used 10332K, capacity 10787K, committed 11136K, reserved 1058816K
  class space    used 1133K, capacity 1307K, committed 1408K, reserved 1048576K
}
Event: 6.104 GC heap before
{Heap before GC invocations=15 (full 0):
 garbage-first heap   total 315392K, used 204965K [0x0000000700e00000, 0x0000000800000000)
  region size 1024K, 184 young (188416K), 11 survivors (11264K)
 Metaspace       used 10334K, capacity 10787K, committed 11136K, reserved 1058816K
  class space    used 1133K, capacity 1307K, committed 1408K, reserved 1048576K
}
Event: 6.108 GC heap after
{Heap after GC invocations=16 (full 0):
 garbage-first heap   total 315392K, used 30198K [0x0000000700e00000, 0x0000000800000000)
  region size 1024K, 13 young (13312K), 13 survivors (13312K)
 Metaspace       used 10334K, capacity 10787K, committed 11136K, reserved 1058816K
  class space    used 1133K, capacity 1307K, committed 1408K, reserved 1048576K
}
Event: 6.485 GC heap before
{Heap before GC invocations=16 (full 0):
 garbage-first heap   total 315392K, used 204278K [0x0000000700e00000, 0x0000000800000000)
  region size 1024K, 184 young (188416K), 13 survivors (13312K)
 Metaspace       used 10334K, capacity 10787K, committed 11136K, reserved 1058816K
  class space    used 1133K, capacity 1307K, committed 1408K, reserved 1048576K
}
Event: 6.490 GC heap after
{Heap after GC invocations=17 (full 0):
 garbage-first heap   total 315392K, used 32664K [0x0000000700e00000, 0x0000000800000000)
  region size 1024K, 15 young (15360K), 15 survivors (15360K)
 Metaspace       used 10334K, capacity 10787K, committed 11136K, reserved 1058816K
  class space    used 1133K, capacity 1307K, committed 1408K, reserved 1048576K
}
Event: 6.842 GC heap before
{Heap before GC invocations=17 (full 0):
 garbage-first heap   total 315392K, used 204696K [0x0000000700e00000, 0x0000000800000000)
  region size 1024K, 184 young (188416K), 15 survivors (15360K)
 Metaspace       used 10352K, capacity 10787K, committed 11136K, reserved 1058816K
  class space    used 1133K, capacity 1307K, committed 1408K, reserved 1048576K
}
Event: 6.847 GC heap after
{Heap after GC invocations=18 (full 0):
 garbage-first heap   total 315392K, used 33168K [0x0000000700e00000, 0x0000000800000000)
  region size 1024K, 13 young (13312K), 13 survivors (13312K)
 Metaspace       used 10352K, capacity 10787K, committed 11136K, reserved 1058816K
  class space    used 1133K, capacity 1307K, committed 1408K, reserved 1048576K
}
Event: 7.215 GC heap before
{Heap before GC invocations=18 (full 0):
 garbage-first heap   total 315392K, used 207248K [0x0000000700e00000, 0x0000000800000000)
  region size 1024K, 184 young (188416K), 13 survivors (13312K)
 Metaspace       used 10352K, capacity 10787K, committed 11136K, reserved 1058816K
  class space    used 1133K, capacity 1307K, committed 1408K, reserved 1048576K
}
Event: 7.220 GC heap after
{Heap after GC invocations=19 (full 0):
 garbage-first heap   total 378880K, used 35385K [0x0000000700e00000, 0x0000000800000000)
  region size 1024K, 14 young (14336K), 14 survivors (14336K)
 Metaspace       used 10352K, capacity 10787K, committed 11136K, reserved 1058816K
  class space    used 1133K, capacity 1307K, committed 1408K, reserved 1048576K
}
Event: 7.665 GC heap before
{Heap before GC invocations=19 (full 0):
 garbage-first heap   total 378880K, used 249401K [0x0000000700e00000, 0x0000000800000000)
  region size 1024K, 222 young (227328K), 14 survivors (14336K)
 Metaspace       used 10399K, capacity 10788K, committed 11136K, reserved 1058816K
  class space    used 1133K, capacity 1307K, committed 1408K, reserved 1048576K
}
Event: 7.668 GC heap after
{Heap after GC invocations=20 (full 0):
 garbage-first heap   total 378880K, used 38232K [0x0000000700e00000, 0x0000000800000000)
  region size 1024K, 15 young (15360K), 15 survivors (15360K)
 Metaspace       used 10399K, capacity 10788K, committed 11136K, reserved 1058816K
  class space    used 1133K, capacity 1307K, committed 1408K, reserved 1048576K
}
Event: 8.103 GC heap before
{Heap before GC invocations=20 (full 0):
 garbage-first heap   total 378880K, used 249176K [0x0000000700e00000, 0x0000000800000000)
  region size 1024K, 222 young (227328K), 15 survivors (15360K)
 Metaspace       used 10400K, capacity 10788K, committed 11136K, reserved 1058816K
  class space    used 1133K, capacity 1307K, committed 1408K, reserved 1048576K
}
Event: 8.107 GC heap after
{Heap after GC invocations=21 (full 0):
 garbage-first heap   total 378880K, used 39924K [0x0000000700e00000, 0x0000000800000000)
  region size 1024K, 17 young (17408K), 17 survivors (17408K)
 Metaspace       used 10400K, capacity 10788K, committed 11136K, reserved 1058816K
  class space    used 1133K, capacity 1307K, committed 1408K, reserved 1048576K
}
Event: 8.563 GC heap before
{Heap before GC invocations=21 (full 0):
 garbage-first heap   total 378880K, used 248820K [0x0000000700e00000, 0x0000000800000000)
  region size 1024K, 222 young (227328K), 17 survivors (17408K)
 Metaspace       used 10400K, capacity 10788K, committed 11136K, reserved 1058816K
  class space    used 1133K, capacity 1307K, committed 1408K, reserved 1048576K
}
Event: 8.568 GC heap after
{Heap after GC invocations=22 (full 0):
 garbage-first heap   total 378880K, used 41937K [0x0000000700e00000, 0x0000000800000000)
  region size 1024K, 18 young (18432K), 18 survivors (18432K)
 Metaspace       used 10400K, capacity 10788K, committed 11136K, reserved 1058816K
  class space    used 1133K, capacity 1307K, committed 1408K, reserved 1048576K
}
Event: 9.130 GC heap before
{Heap before GC invocations=22 (full 0):
 garbage-first heap   total 378880K, used 251857K [0x0000000700e00000, 0x0000000800000000)
  region size 1024K, 222 young (227328K), 18 survivors (18432K)
 Metaspace       used 10405K, capacity 10788K, committed 11136K, reserved 1058816K
  class space    used 1133K, capacity 1307K, committed 1408K, reserved 1048576K
}
Event: 9.135 GC heap after
{Heap after GC invocations=23 (full 0):
 garbage-first heap   total 378880K, used 45924K [0x0000000700e00000, 0x0000000800000000)
  region size 1024K, 16 young (16384K), 16 survivors (16384K)
 Metaspace       used 10405K, capacity 10788K, committed 11136K, reserved 1058816K
  class space    used 1133K, capacity 1307K, committed 1408K, reserved 1048576K
}
Event: 9.666 GC heap before
{Heap before GC invocations=23 (full 0):
 garbage-first heap   total 378880K, used 255844K [0x0000000700e00000, 0x0000000800000000)
  region size 1024K, 222 young (227328K), 16 survivors (16384K)
 Metaspace       used 10437K, capacity 10855K, committed 11136K, reserved 1058816K
  class space    used 1133K, capacity 1307K, committed 1408K, reserved 1048576K
}
Event: 9.671 GC heap after
{Heap after GC invocations=24 (full 0):
 garbage-first heap   total 378880K, used 48216K [0x0000000700e00000, 0x0000000800000000)
  region size 1024K, 17 young (17408K), 17 survivors (17408K)
 Metaspace       used 10437K, capacity 10855K, committed 11136K, reserved 1058816K
  class space    used 1133K, capacity 1307K, committed 1408K, reserved 1048576K
}

