# JRE version: Java(TM) SE Runtime Environment (14.0.2+12) (build 14.0.2+12-46)
# Java VM: Java HotSpot(TM) 64-Bit Server VM (14.0.2+12-46, mixed mode, sharing, tiered, compressed oops, g1 gc, windows-amd64)
Heap:
 garbage-first heap   total 86016K, used 62147K [0x00000000c0000000, 0x0000000100000000)
  region size 1024K, 16 young (16384K), 1 survivors (1024K)
 Metaspace       used 48297K, capacity 49347K, committed 49584K, reserved 1091584K
  class space    used 6456K, capacity 6831K, committed 6912K, reserved 1048576K
GC Heap History (20 events):
Event: 5.524 GC heap before
{Heap before GC invocations=9 (full 0):
 garbage-first heap   total 65536K, used 31409K [0x00000000c0000000, 0x0000000100000000)
  region size 1024K, 8 young (8192K), 3 survivors (3072K)
 Metaspace       used 34932K, capacity 35654K, committed 35888K, reserved 1079296K
  class space    used 5030K, capacity 5237K, committed 5248K, reserved 1048576K
}
Event: 5.526 GC heap after
{Heap after GC invocations=10 (full 0):
 garbage-first heap   total 65536K, used 27652K [0x00000000c0000000, 0x0000000100000000)
  region size 1024K, 1 young (1024K), 1 survivors (1024K)
 Metaspace       used 34932K, capacity 35654K, committed 35888K, reserved 1079296K
  class space    used 5030K, capacity 5237K, committed 5248K, reserved 1048576K
}
Event: 6.058 GC heap before
{Heap before GC invocations=11 (full 0):
 garbage-first heap   total 65536K, used 50180K [0x00000000c0000000, 0x0000000100000000)
  region size 1024K, 24 young (24576K), 1 survivors (1024K)
 Metaspace       used 37357K, capacity 38108K, committed 38320K, reserved 1081344K
  class space    used 5326K, capacity 5543K, committed 5632K, reserved 1048576K
}
Event: 6.060 GC heap after
{Heap after GC invocations=12 (full 0):
 garbage-first heap   total 65536K, used 30750K [0x00000000c0000000, 0x0000000100000000)
  region size 1024K, 3 young (3072K), 3 survivors (3072K)
 Metaspace       used 37357K, capacity 38108K, committed 38320K, reserved 1081344K
  class space    used 5326K, capacity 5543K, committed 5632K, reserved 1048576K
}
Event: 6.646 GC heap before
{Heap before GC invocations=12 (full 0):
 garbage-first heap   total 65536K, used 50206K [0x00000000c0000000, 0x0000000100000000)
  region size 1024K, 22 young (22528K), 3 survivors (3072K)
 Metaspace       used 43708K, capacity 44492K, committed 44720K, reserved 1087488K
  class space    used 6071K, capacity 6333K, committed 6400K, reserved 1048576K
}
Event: 6.651 GC heap after
{Heap after GC invocations=13 (full 0):
 garbage-first heap   total 65536K, used 36104K [0x00000000c0000000, 0x0000000100000000)
  region size 1024K, 3 young (3072K), 3 survivors (3072K)
 Metaspace       used 43708K, capacity 44492K, committed 44720K, reserved 1087488K
  class space    used 6071K, capacity 6333K, committed 6400K, reserved 1048576K
}
Event: 6.773 GC heap before
{Heap before GC invocations=13 (full 0):
 garbage-first heap   total 65536K, used 50440K [0x00000000c0000000, 0x0000000100000000)
  region size 1024K, 17 young (17408K), 3 survivors (3072K)
 Metaspace       used 44069K, capacity 44872K, committed 44976K, reserved 1087488K
  class space    used 6098K, capacity 6350K, committed 6400K, reserved 1048576K
}
Event: 6.776 GC heap after
{Heap after GC invocations=14 (full 0):
 garbage-first heap   total 65536K, used 38892K [0x00000000c0000000, 0x0000000100000000)
  region size 1024K, 3 young (3072K), 3 survivors (3072K)
 Metaspace       used 44069K, capacity 44872K, committed 44976K, reserved 1087488K
  class space    used 6098K, capacity 6350K, committed 6400K, reserved 1048576K
}
Event: 6.990 GC heap before
{Heap before GC invocations=15 (full 0):
 garbage-first heap   total 68608K, used 51180K [0x00000000c0000000, 0x0000000100000000)
  region size 1024K, 15 young (15360K), 3 survivors (3072K)
 Metaspace       used 44526K, capacity 45316K, committed 45616K, reserved 1089536K
  class space    used 6136K, capacity 6411K, committed 6528K, reserved 1048576K
}
Event: 6.993 GC heap after
{Heap after GC invocations=16 (full 0):
 garbage-first heap   total 68608K, used 41572K [0x00000000c0000000, 0x0000000100000000)
  region size 1024K, 2 young (2048K), 2 survivors (2048K)
 Metaspace       used 44526K, capacity 45316K, committed 45616K, reserved 1089536K
  class space    used 6136K, capacity 6411K, committed 6528K, reserved 1048576K
}
Event: 7.180 GC heap before
{Heap before GC invocations=16 (full 0):
 garbage-first heap   total 68608K, used 53860K [0x00000000c0000000, 0x0000000100000000)
  region size 1024K, 14 young (14336K), 2 survivors (2048K)
 Metaspace       used 44703K, capacity 45526K, committed 45872K, reserved 1089536K
  class space    used 6137K, capacity 6411K, committed 6528K, reserved 1048576K
}
Event: 7.183 GC heap after
{Heap after GC invocations=17 (full 0):
 garbage-first heap   total 68608K, used 44217K [0x00000000c0000000, 0x0000000100000000)
  region size 1024K, 2 young (2048K), 2 survivors (2048K)
 Metaspace       used 44703K, capacity 45526K, committed 45872K, reserved 1089536K
  class space    used 6137K, capacity 6411K, committed 6528K, reserved 1048576K
}
Event: 7.817 GC heap before
{Heap before GC invocations=18 (full 0):
 garbage-first heap   total 76800K, used 54457K [0x00000000c0000000, 0x0000000100000000)
  region size 1024K, 12 young (12288K), 2 survivors (2048K)
 Metaspace       used 46679K, capacity 47648K, committed 47920K, reserved 1091584K
  class space    used 6366K, capacity 6733K, committed 6784K, reserved 1048576K
}
Event: 7.820 GC heap after
{Heap after GC invocations=19 (full 0):
 garbage-first heap   total 76800K, used 45277K [0x00000000c0000000, 0x0000000100000000)
  region size 1024K, 2 young (2048K), 2 survivors (2048K)
 Metaspace       used 46679K, capacity 47648K, committed 47920K, reserved 1091584K
  class space    used 6366K, capacity 6733K, committed 6784K, reserved 1048576K
}
Event: 8.444 GC heap before
{Heap before GC invocations=19 (full 0):
 garbage-first heap   total 76800K, used 59613K [0x00000000c0000000, 0x0000000100000000)
  region size 1024K, 16 young (16384K), 2 survivors (2048K)
 Metaspace       used 47216K, capacity 48150K, committed 48432K, reserved 1091584K
  class space    used 6384K, capacity 6745K, committed 6784K, reserved 1048576K
}
Event: 8.446 GC heap after
{Heap after GC invocations=20 (full 0):
 garbage-first heap   total 76800K, used 46791K [0x00000000c0000000, 0x0000000100000000)
  region size 1024K, 2 young (2048K), 2 survivors (2048K)
 Metaspace       used 47216K, capacity 48150K, committed 48432K, reserved 1091584K
  class space    used 6384K, capacity 6745K, committed 6784K, reserved 1048576K
}
Event: 8.799 GC heap before
{Heap before GC invocations=21 (full 0):
 garbage-first heap   total 81920K, used 61127K [0x00000000c0000000, 0x0000000100000000)
  region size 1024K, 16 young (16384K), 2 survivors (2048K)
 Metaspace       used 47487K, capacity 48479K, committed 48688K, reserved 1091584K
  class space    used 6385K, capacity 6746K, committed 6784K, reserved 1048576K
}
Event: 8.802 GC heap after
{Heap after GC invocations=22 (full 0):
 garbage-first heap   total 81920K, used 47348K [0x00000000c0000000, 0x0000000100000000)
  region size 1024K, 1 young (1024K), 1 survivors (1024K)
 Metaspace       used 47487K, capacity 48479K, committed 48688K, reserved 1091584K
  class space    used 6385K, capacity 6746K, committed 6784K, reserved 1048576K
}
Event: 9.215 GC heap before
{Heap before GC invocations=22 (full 0):
 garbage-first heap   total 81920K, used 64756K [0x00000000c0000000, 0x0000000100000000)
  region size 1024K, 18 young (18432K), 1 survivors (1024K)
 Metaspace       used 47709K, capacity 48681K, committed 48944K, reserved 1091584K
  class space    used 6389K, capacity 6747K, committed 6784K, reserved 1048576K
}
Event: 9.217 GC heap after
{Heap after GC invocations=23 (full 0):
 garbage-first heap   total 81920K, used 47811K [0x00000000c0000000, 0x0000000100000000)
  region size 1024K, 1 young (1024K), 1 survivors (1024K)
 Metaspace       used 47709K, capacity 48681K, committed 48944K, reserved 1091584K
  class space    used 6389K, capacity 6747K, committed 6784K, reserved 1048576K
}

