# JRE version: Java(TM) SE Runtime Environment (14.0.2+12) (build 14.0.2+12-46)
# Java VM: Java HotSpot(TM) 64-Bit Server VM (14.0.2+12-46, mixed mode, sharing, tiered, compressed oops, g1 gc, windows-amd64)
Heap:
 garbage-first heap   total 107520K, used 82189K [0x00000000c0000000, 0x0000000100000000)
  region size 1024K, 29 young (29696K), 5 survivors (5120K)
 Metaspace       used 50636K, capacity 51807K, committed 52016K, reserved 1093632K
  class space    used 6554K, capacity 6970K, committed 7040K, reserved 1048576K
GC Heap History (20 events):
Event: 339.061 GC heap before
{Heap before GC invocations=30 (full 0):
 garbage-first heap   total 94208K, used 75675K [0x00000000c0000000, 0x0000000100000000)
  region size 1024K, 26 young (26624K), 3 survivors (3072K)
 Metaspace       used 49766K, capacity 50909K, committed 51248K, reserved 1093632K
  class space    used 6544K, capacity 6923K, committed 7040K, reserved 1048576K
}
Event: 339.065 GC heap after
{Heap after GC invocations=31 (full 0):
 garbage-first heap   total 94208K, used 55869K [0x00000000c0000000, 0x0000000100000000)
  region size 1024K, 4 young (4096K), 4 survivors (4096K)
 Metaspace       used 49766K, capacity 50909K, committed 51248K, reserved 1093632K
  class space    used 6544K, capacity 6923K, committed 7040K, reserved 1048576K
}
Event: 339.217 GC heap before
{Heap before GC invocations=31 (full 0):
 garbage-first heap   total 94208K, used 55869K [0x00000000c0000000, 0x0000000100000000)
  region size 1024K, 5 young (5120K), 4 survivors (4096K)
 Metaspace       used 49778K, capacity 50909K, committed 51248K, reserved 1093632K
  class space    used 6544K, capacity 6923K, committed 7040K, reserved 1048576K
}
Event: 339.223 GC heap after
{Heap after GC invocations=32 (full 0):
 garbage-first heap   total 94208K, used 51975K [0x00000000c0000000, 0x0000000100000000)
  region size 1024K, 1 young (1024K), 1 survivors (1024K)
 Metaspace       used 49778K, capacity 50909K, committed 51248K, reserved 1093632K
  class space    used 6544K, capacity 6923K, committed 7040K, reserved 1048576K
}
Event: 339.850 GC heap before
{Heap before GC invocations=32 (full 0):
 garbage-first heap   total 94208K, used 74503K [0x00000000c0000000, 0x0000000100000000)
  region size 1024K, 24 young (24576K), 1 survivors (1024K)
 Metaspace       used 49870K, capacity 50978K, committed 51248K, reserved 1093632K
  class space    used 6544K, capacity 6923K, committed 7040K, reserved 1048576K
}
Event: 339.854 GC heap after
{Heap after GC invocations=33 (full 0):
 garbage-first heap   total 94208K, used 58577K [0x00000000c0000000, 0x0000000100000000)
  region size 1024K, 3 young (3072K), 3 survivors (3072K)
 Metaspace       used 49870K, capacity 50978K, committed 51248K, reserved 1093632K
  class space    used 6544K, capacity 6923K, committed 7040K, reserved 1048576K
}
Event: 339.974 GC heap before
{Heap before GC invocations=34 (full 0):
 garbage-first heap   total 107520K, used 73937K [0x00000000c0000000, 0x0000000100000000)
  region size 1024K, 18 young (18432K), 3 survivors (3072K)
 Metaspace       used 50003K, capacity 51178K, committed 51504K, reserved 1093632K
  class space    used 6544K, capacity 6923K, committed 7040K, reserved 1048576K
}
Event: 339.979 GC heap after
{Heap after GC invocations=35 (full 0):
 garbage-first heap   total 107520K, used 61289K [0x00000000c0000000, 0x0000000100000000)
  region size 1024K, 3 young (3072K), 3 survivors (3072K)
 Metaspace       used 50003K, capacity 51178K, committed 51504K, reserved 1093632K
  class space    used 6544K, capacity 6923K, committed 7040K, reserved 1048576K
}
Event: 340.001 GC heap before
{Heap before GC invocations=35 (full 0):
 garbage-first heap   total 107520K, used 63337K [0x00000000c0000000, 0x0000000100000000)
  region size 1024K, 5 young (5120K), 3 survivors (3072K)
 Metaspace       used 50008K, capacity 51178K, committed 51504K, reserved 1093632K
  class space    used 6544K, capacity 6923K, committed 7040K, reserved 1048576K
}
Event: 340.007 GC heap after
{Heap after GC invocations=36 (full 0):
 garbage-first heap   total 107520K, used 52895K [0x00000000c0000000, 0x0000000100000000)
  region size 1024K, 1 young (1024K), 1 survivors (1024K)
 Metaspace       used 50008K, capacity 51178K, committed 51504K, reserved 1093632K
  class space    used 6544K, capacity 6923K, committed 7040K, reserved 1048576K
}
Event: 340.314 GC heap before
{Heap before GC invocations=36 (full 0):
 garbage-first heap   total 107520K, used 80543K [0x00000000c0000000, 0x0000000100000000)
  region size 1024K, 28 young (28672K), 1 survivors (1024K)
 Metaspace       used 50104K, capacity 51245K, committed 51504K, reserved 1093632K
  class space    used 6544K, capacity 6923K, committed 7040K, reserved 1048576K
}
Event: 340.316 GC heap after
{Heap after GC invocations=37 (full 0):
 garbage-first heap   total 107520K, used 54488K [0x00000000c0000000, 0x0000000100000000)
  region size 1024K, 2 young (2048K), 2 survivors (2048K)
 Metaspace       used 50104K, capacity 51245K, committed 51504K, reserved 1093632K
  class space    used 6544K, capacity 6923K, committed 7040K, reserved 1048576K
}
Event: 340.675 GC heap before
{Heap before GC invocations=38 (full 0):
 garbage-first heap   total 107520K, used 83160K [0x00000000c0000000, 0x0000000100000000)
  region size 1024K, 30 young (30720K), 2 survivors (2048K)
 Metaspace       used 50216K, capacity 51376K, committed 51504K, reserved 1093632K
  class space    used 6544K, capacity 6923K, committed 7040K, reserved 1048576K
}
Event: 340.678 GC heap after
{Heap after GC invocations=39 (full 0):
 garbage-first heap   total 107520K, used 55403K [0x00000000c0000000, 0x0000000100000000)
  region size 1024K, 3 young (3072K), 3 survivors (3072K)
 Metaspace       used 50216K, capacity 51376K, committed 51504K, reserved 1093632K
  class space    used 6544K, capacity 6923K, committed 7040K, reserved 1048576K
}
Event: 340.704 GC heap before
{Heap before GC invocations=39 (full 0):
 garbage-first heap   total 107520K, used 57451K [0x00000000c0000000, 0x0000000100000000)
  region size 1024K, 5 young (5120K), 3 survivors (3072K)
 Metaspace       used 50219K, capacity 51376K, committed 51504K, reserved 1093632K
  class space    used 6544K, capacity 6923K, committed 7040K, reserved 1048576K
}
Event: 340.712 GC heap after
{Heap after GC invocations=40 (full 0):
 garbage-first heap   total 107520K, used 50331K [0x00000000c0000000, 0x0000000100000000)
  region size 1024K, 1 young (1024K), 1 survivors (1024K)
 Metaspace       used 50219K, capacity 51376K, committed 51504K, reserved 1093632K
  class space    used 6544K, capacity 6923K, committed 7040K, reserved 1048576K
}
Event: 371.371 GC heap before
{Heap before GC invocations=40 (full 0):
 garbage-first heap   total 107520K, used 83099K [0x00000000c0000000, 0x0000000100000000)
  region size 1024K, 34 young (34816K), 1 survivors (1024K)
 Metaspace       used 50512K, capacity 51604K, committed 51760K, reserved 1093632K
  class space    used 6554K, capacity 6970K, committed 7040K, reserved 1048576K
}
Event: 371.374 GC heap after
{Heap after GC invocations=41 (full 0):
 garbage-first heap   total 107520K, used 55254K [0x00000000c0000000, 0x0000000100000000)
  region size 1024K, 5 young (5120K), 5 survivors (5120K)
 Metaspace       used 50512K, capacity 51604K, committed 51760K, reserved 1093632K
  class space    used 6554K, capacity 6970K, committed 7040K, reserved 1048576K
}
Event: 371.654 GC heap before
{Heap before GC invocations=42 (full 0):
 garbage-first heap   total 107520K, used 84950K [0x00000000c0000000, 0x0000000100000000)
  region size 1024K, 34 young (34816K), 5 survivors (5120K)
 Metaspace       used 50593K, capacity 51743K, committed 52016K, reserved 1093632K
  class space    used 6554K, capacity 6970K, committed 7040K, reserved 1048576K
}
Event: 371.659 GC heap after
{Heap after GC invocations=43 (full 0):
 garbage-first heap   total 107520K, used 59661K [0x00000000c0000000, 0x0000000100000000)
  region size 1024K, 5 young (5120K), 5 survivors (5120K)
 Metaspace       used 50593K, capacity 51743K, committed 52016K, reserved 1093632K
  class space    used 6554K, capacity 6970K, committed 7040K, reserved 1048576K
}

