# JRE version: Java(TM) SE Runtime Environment (14.0.2+12) (build 14.0.2+12-46)
# Java VM: Java HotSpot(TM) 64-Bit Server VM (14.0.2+12-46, mixed mode, sharing, tiered, compressed oops, g1 gc, windows-amd64)
Heap:
 garbage-first heap   total 378880K, used 100833K [0x0000000700e00000, 0x0000000800000000)
  region size 1024K, 65 young (66560K), 16 survivors (16384K)
 Metaspace       used 10743K, capacity 11239K, committed 11392K, reserved 1058816K
  class space    used 1167K, capacity 1370K, committed 1408K, reserved 1048576K
GC Heap History (20 events):
Event: 5.108 GC heap before
{Heap before GC invocations=11 (full 0):
 garbage-first heap   total 262144K, used 166150K [0x0000000700e00000, 0x0000000800000000)
  region size 1024K, 153 young (156672K), 12 survivors (12288K)
 Metaspace       used 10312K, capacity 10738K, committed 10880K, reserved 1058816K
  class space    used 1121K, capacity 1292K, committed 1408K, reserved 1048576K
}
Event: 5.113 GC heap after
{Heap after GC invocations=12 (full 0):
 garbage-first heap   total 262144K, used 23946K [0x0000000700e00000, 0x0000000800000000)
  region size 1024K, 12 young (12288K), 12 survivors (12288K)
 Metaspace       used 10312K, capacity 10738K, committed 10880K, reserved 1058816K
  class space    used 1121K, capacity 1292K, committed 1408K, reserved 1048576K
}
Event: 5.515 GC heap before
{Heap before GC invocations=12 (full 0):
 garbage-first heap   total 262144K, used 167306K [0x0000000700e00000, 0x0000000800000000)
  region size 1024K, 153 young (156672K), 12 survivors (12288K)
 Metaspace       used 10314K, capacity 10738K, committed 10880K, reserved 1058816K
  class space    used 1121K, capacity 1292K, committed 1408K, reserved 1048576K
}
Event: 5.522 GC heap after
{Heap after GC invocations=13 (full 0):
 garbage-first heap   total 315392K, used 26584K [0x0000000700e00000, 0x0000000800000000)
  region size 1024K, 13 young (13312K), 13 survivors (13312K)
 Metaspace       used 10314K, capacity 10738K, committed 10880K, reserved 1058816K
  class space    used 1121K, capacity 1292K, committed 1408K, reserved 1048576K
}
Event: 6.020 GC heap before
{Heap before GC invocations=13 (full 0):
 garbage-first heap   total 315392K, used 203736K [0x0000000700e00000, 0x0000000800000000)
  region size 1024K, 184 young (188416K), 13 survivors (13312K)
 Metaspace       used 10314K, capacity 10738K, committed 10880K, reserved 1058816K
  class space    used 1121K, capacity 1292K, committed 1408K, reserved 1048576K
}
Event: 6.025 GC heap after
{Heap after GC invocations=14 (full 0):
 garbage-first heap   total 315392K, used 29645K [0x0000000700e00000, 0x0000000800000000)
  region size 1024K, 14 young (14336K), 14 survivors (14336K)
 Metaspace       used 10314K, capacity 10738K, committed 10880K, reserved 1058816K
  class space    used 1121K, capacity 1292K, committed 1408K, reserved 1048576K
}
Event: 6.488 GC heap before
{Heap before GC invocations=14 (full 0):
 garbage-first heap   total 315392K, used 202701K [0x0000000700e00000, 0x0000000800000000)
  region size 1024K, 184 young (188416K), 14 survivors (14336K)
 Metaspace       used 10318K, capacity 10738K, committed 10880K, reserved 1058816K
  class space    used 1121K, capacity 1292K, committed 1408K, reserved 1048576K
}
Event: 6.494 GC heap after
{Heap after GC invocations=15 (full 0):
 garbage-first heap   total 315392K, used 32255K [0x0000000700e00000, 0x0000000800000000)
  region size 1024K, 15 young (15360K), 15 survivors (15360K)
 Metaspace       used 10318K, capacity 10738K, committed 10880K, reserved 1058816K
  class space    used 1121K, capacity 1292K, committed 1408K, reserved 1048576K
}
Event: 6.970 GC heap before
{Heap before GC invocations=15 (full 0):
 garbage-first heap   total 315392K, used 205311K [0x0000000700e00000, 0x0000000800000000)
  region size 1024K, 184 young (188416K), 15 survivors (15360K)
 Metaspace       used 10334K, capacity 10738K, committed 10880K, reserved 1058816K
  class space    used 1121K, capacity 1292K, committed 1408K, reserved 1048576K
}
Event: 6.976 GC heap after
{Heap after GC invocations=16 (full 0):
 garbage-first heap   total 315392K, used 33050K [0x0000000700e00000, 0x0000000800000000)
  region size 1024K, 13 young (13312K), 13 survivors (13312K)
 Metaspace       used 10334K, capacity 10738K, committed 10880K, reserved 1058816K
  class space    used 1121K, capacity 1292K, committed 1408K, reserved 1048576K
}
Event: 7.450 GC heap before
{Heap before GC invocations=16 (full 0):
 garbage-first heap   total 315392K, used 207130K [0x0000000700e00000, 0x0000000800000000)
  region size 1024K, 184 young (188416K), 13 survivors (13312K)
 Metaspace       used 10348K, capacity 10739K, committed 10880K, reserved 1058816K
  class space    used 1121K, capacity 1292K, committed 1408K, reserved 1048576K
}
Event: 7.455 GC heap after
{Heap after GC invocations=17 (full 0):
 garbage-first heap   total 378880K, used 35708K [0x0000000700e00000, 0x0000000800000000)
  region size 1024K, 15 young (15360K), 15 survivors (15360K)
 Metaspace       used 10348K, capacity 10739K, committed 10880K, reserved 1058816K
  class space    used 1121K, capacity 1292K, committed 1408K, reserved 1048576K
}
Event: 8.047 GC heap before
{Heap before GC invocations=17 (full 0):
 garbage-first heap   total 378880K, used 248700K [0x0000000700e00000, 0x0000000800000000)
  region size 1024K, 222 young (227328K), 15 survivors (15360K)
 Metaspace       used 10351K, capacity 10739K, committed 10880K, reserved 1058816K
  class space    used 1121K, capacity 1292K, committed 1408K, reserved 1048576K
}
Event: 8.052 GC heap after
{Heap after GC invocations=18 (full 0):
 garbage-first heap   total 378880K, used 39190K [0x0000000700e00000, 0x0000000800000000)
  region size 1024K, 17 young (17408K), 17 survivors (17408K)
 Metaspace       used 10351K, capacity 10739K, committed 10880K, reserved 1058816K
  class space    used 1121K, capacity 1292K, committed 1408K, reserved 1048576K
}
Event: 8.587 GC heap before
{Heap before GC invocations=18 (full 0):
 garbage-first heap   total 378880K, used 248086K [0x0000000700e00000, 0x0000000800000000)
  region size 1024K, 222 young (227328K), 17 survivors (17408K)
 Metaspace       used 10354K, capacity 10739K, committed 10880K, reserved 1058816K
  class space    used 1121K, capacity 1292K, committed 1408K, reserved 1048576K
}
Event: 8.592 GC heap after
{Heap after GC invocations=19 (full 0):
 garbage-first heap   total 378880K, used 41321K [0x0000000700e00000, 0x0000000800000000)
  region size 1024K, 17 young (17408K), 17 survivors (17408K)
 Metaspace       used 10354K, capacity 10739K, committed 10880K, reserved 1058816K
  class space    used 1121K, capacity 1292K, committed 1408K, reserved 1048576K
}
Event: 9.155 GC heap before
{Heap before GC invocations=19 (full 0):
 garbage-first heap   total 378880K, used 252265K [0x0000000700e00000, 0x0000000800000000)
  region size 1024K, 222 young (227328K), 17 survivors (17408K)
 Metaspace       used 10357K, capacity 10739K, committed 10880K, reserved 1058816K
  class space    used 1121K, capacity 1292K, committed 1408K, reserved 1048576K
}
Event: 9.161 GC heap after
{Heap after GC invocations=20 (full 0):
 garbage-first heap   total 378880K, used 45840K [0x0000000700e00000, 0x0000000800000000)
  region size 1024K, 17 young (17408K), 17 survivors (17408K)
 Metaspace       used 10357K, capacity 10739K, committed 10880K, reserved 1058816K
  class space    used 1121K, capacity 1292K, committed 1408K, reserved 1048576K
}
Event: 9.696 GC heap before
{Heap before GC invocations=20 (full 0):
 garbage-first heap   total 378880K, used 254736K [0x0000000700e00000, 0x0000000800000000)
  region size 1024K, 222 young (227328K), 17 survivors (17408K)
 Metaspace       used 10392K, capacity 10806K, committed 11136K, reserved 1058816K
  class space    used 1121K, capacity 1292K, committed 1408K, reserved 1048576K
}
Event: 9.701 GC heap after
{Heap after GC invocations=21 (full 0):
 garbage-first heap   total 378880K, used 47065K [0x0000000700e00000, 0x0000000800000000)
  region size 1024K, 16 young (16384K), 16 survivors (16384K)
 Metaspace       used 10392K, capacity 10806K, committed 11136K, reserved 1058816K
  class space    used 1121K, capacity 1292K, committed 1408K, reserved 1048576K
}

