# JRE version: Java(TM) SE Runtime Environment (14.0.2+12) (build 14.0.2+12-46)
# Java VM: Java HotSpot(TM) 64-Bit Server VM (14.0.2+12-46, mixed mode, sharing, tiered, compressed oops, g1 gc, windows-amd64)
Heap:
 garbage-first heap   total 315392K, used 192386K [0x0000000700e00000, 0x0000000800000000)
  region size 1024K, 152 young (155648K), 13 survivors (13312K)
 Metaspace       used 10679K, capacity 11151K, committed 11392K, reserved 1058816K
  class space    used 1163K, capacity 1364K, committed 1408K, reserved 1048576K
GC Heap History (20 events):
Event: 4.607 GC heap before
{Heap before GC invocations=9 (full 0):
 garbage-first heap   total 262144K, used 166506K [0x0000000700e00000, 0x0000000800000000)
  region size 1024K, 153 young (156672K), 12 survivors (12288K)
 Metaspace       used 10224K, capacity 10653K, committed 10880K, reserved 1058816K
  class space    used 1116K, capacity 1286K, committed 1408K, reserved 1048576K
}
Event: 4.612 GC heap after
{Heap after GC invocations=10 (full 0):
 garbage-first heap   total 262144K, used 24293K [0x0000000700e00000, 0x0000000800000000)
  region size 1024K, 12 young (12288K), 12 survivors (12288K)
 Metaspace       used 10224K, capacity 10653K, committed 10880K, reserved 1058816K
  class space    used 1116K, capacity 1286K, committed 1408K, reserved 1048576K
}
Event: 5.017 GC heap before
{Heap before GC invocations=10 (full 0):
 garbage-first heap   total 262144K, used 168677K [0x0000000700e00000, 0x0000000800000000)
  region size 1024K, 153 young (156672K), 12 survivors (12288K)
 Metaspace       used 10249K, capacity 10654K, committed 10880K, reserved 1058816K
  class space    used 1116K, capacity 1286K, committed 1408K, reserved 1048576K
}
Event: 5.022 GC heap after
{Heap after GC invocations=11 (full 0):
 garbage-first heap   total 262144K, used 27072K [0x0000000700e00000, 0x0000000800000000)
  region size 1024K, 12 young (12288K), 12 survivors (12288K)
 Metaspace       used 10249K, capacity 10654K, committed 10880K, reserved 1058816K
  class space    used 1116K, capacity 1286K, committed 1408K, reserved 1048576K
}
Event: 5.439 GC heap before
{Heap before GC invocations=11 (full 0):
 garbage-first heap   total 262144K, used 172480K [0x0000000700e00000, 0x0000000800000000)
  region size 1024K, 153 young (156672K), 12 survivors (12288K)
 Metaspace       used 10252K, capacity 10654K, committed 10880K, reserved 1058816K
  class space    used 1116K, capacity 1286K, committed 1408K, reserved 1048576K
}
Event: 5.444 GC heap after
{Heap after GC invocations=12 (full 0):
 garbage-first heap   total 315392K, used 29518K [0x0000000700e00000, 0x0000000800000000)
  region size 1024K, 11 young (11264K), 11 survivors (11264K)
 Metaspace       used 10252K, capacity 10654K, committed 10880K, reserved 1058816K
  class space    used 1116K, capacity 1286K, committed 1408K, reserved 1048576K
}
Event: 5.928 GC heap before
{Heap before GC invocations=12 (full 0):
 garbage-first heap   total 315392K, used 205646K [0x0000000700e00000, 0x0000000800000000)
  region size 1024K, 184 young (188416K), 11 survivors (11264K)
 Metaspace       used 10253K, capacity 10654K, committed 10880K, reserved 1058816K
  class space    used 1116K, capacity 1286K, committed 1408K, reserved 1048576K
}
Event: 5.932 GC heap after
{Heap after GC invocations=13 (full 0):
 garbage-first heap   total 315392K, used 32579K [0x0000000700e00000, 0x0000000800000000)
  region size 1024K, 14 young (14336K), 14 survivors (14336K)
 Metaspace       used 10253K, capacity 10654K, committed 10880K, reserved 1058816K
  class space    used 1116K, capacity 1286K, committed 1408K, reserved 1048576K
}
Event: 6.430 GC heap before
{Heap before GC invocations=13 (full 0):
 garbage-first heap   total 315392K, used 205635K [0x0000000700e00000, 0x0000000800000000)
  region size 1024K, 184 young (188416K), 14 survivors (14336K)
 Metaspace       used 10261K, capacity 10654K, committed 10880K, reserved 1058816K
  class space    used 1116K, capacity 1286K, committed 1408K, reserved 1048576K
}
Event: 6.434 GC heap after
{Heap after GC invocations=14 (full 0):
 garbage-first heap   total 315392K, used 34586K [0x0000000700e00000, 0x0000000800000000)
  region size 1024K, 14 young (14336K), 14 survivors (14336K)
 Metaspace       used 10261K, capacity 10654K, committed 10880K, reserved 1058816K
  class space    used 1116K, capacity 1286K, committed 1408K, reserved 1048576K
}
Event: 6.958 GC heap before
{Heap before GC invocations=14 (full 0):
 garbage-first heap   total 315392K, used 209690K [0x0000000700e00000, 0x0000000800000000)
  region size 1024K, 184 young (188416K), 14 survivors (14336K)
 Metaspace       used 10275K, capacity 10654K, committed 10880K, reserved 1058816K
  class space    used 1116K, capacity 1286K, committed 1408K, reserved 1048576K
}
Event: 6.962 GC heap after
{Heap after GC invocations=15 (full 0):
 garbage-first heap   total 315392K, used 37542K [0x0000000700e00000, 0x0000000800000000)
  region size 1024K, 13 young (13312K), 13 survivors (13312K)
 Metaspace       used 10275K, capacity 10654K, committed 10880K, reserved 1058816K
  class space    used 1116K, capacity 1286K, committed 1408K, reserved 1048576K
}
Event: 7.459 GC heap before
{Heap before GC invocations=15 (full 0):
 garbage-first heap   total 315392K, used 211622K [0x0000000700e00000, 0x0000000800000000)
  region size 1024K, 184 young (188416K), 13 survivors (13312K)
 Metaspace       used 10296K, capacity 10718K, committed 10880K, reserved 1058816K
  class space    used 1116K, capacity 1286K, committed 1408K, reserved 1048576K
}
Event: 7.463 GC heap after
{Heap after GC invocations=16 (full 0):
 garbage-first heap   total 315392K, used 40130K [0x0000000700e00000, 0x0000000800000000)
  region size 1024K, 14 young (14336K), 14 survivors (14336K)
 Metaspace       used 10296K, capacity 10718K, committed 10880K, reserved 1058816K
  class space    used 1116K, capacity 1286K, committed 1408K, reserved 1048576K
}
Event: 7.978 GC heap before
{Heap before GC invocations=16 (full 0):
 garbage-first heap   total 315392K, used 213186K [0x0000000700e00000, 0x0000000800000000)
  region size 1024K, 184 young (188416K), 14 survivors (14336K)
 Metaspace       used 10296K, capacity 10718K, committed 10880K, reserved 1058816K
  class space    used 1116K, capacity 1286K, committed 1408K, reserved 1048576K
}
Event: 7.983 GC heap after
{Heap after GC invocations=17 (full 0):
 garbage-first heap   total 315392K, used 42765K [0x0000000700e00000, 0x0000000800000000)
  region size 1024K, 15 young (15360K), 15 survivors (15360K)
 Metaspace       used 10296K, capacity 10718K, committed 10880K, reserved 1058816K
  class space    used 1116K, capacity 1286K, committed 1408K, reserved 1048576K
}
Event: 8.499 GC heap before
{Heap before GC invocations=17 (full 0):
 garbage-first heap   total 315392K, used 216845K [0x0000000700e00000, 0x0000000800000000)
  region size 1024K, 184 young (188416K), 15 survivors (15360K)
 Metaspace       used 10299K, capacity 10718K, committed 10880K, reserved 1058816K
  class space    used 1116K, capacity 1286K, committed 1408K, reserved 1048576K
}
Event: 8.504 GC heap after
{Heap after GC invocations=18 (full 0):
 garbage-first heap   total 315392K, used 46077K [0x0000000700e00000, 0x0000000800000000)
  region size 1024K, 13 young (13312K), 13 survivors (13312K)
 Metaspace       used 10299K, capacity 10718K, committed 10880K, reserved 1058816K
  class space    used 1116K, capacity 1286K, committed 1408K, reserved 1048576K
}
Event: 9.005 GC heap before
{Heap before GC invocations=18 (full 0):
 garbage-first heap   total 315392K, used 224253K [0x0000000700e00000, 0x0000000800000000)
  region size 1024K, 184 young (188416K), 13 survivors (13312K)
 Metaspace       used 10302K, capacity 10718K, committed 10880K, reserved 1058816K
  class space    used 1116K, capacity 1286K, committed 1408K, reserved 1048576K
}
Event: 9.011 GC heap after
{Heap after GC invocations=19 (full 0):
 garbage-first heap   total 315392K, used 52098K [0x0000000700e00000, 0x0000000800000000)
  region size 1024K, 13 young (13312K), 13 survivors (13312K)
 Metaspace       used 10302K, capacity 10718K, committed 10880K, reserved 1058816K
  class space    used 1116K, capacity 1286K, committed 1408K, reserved 1048576K
}

