# JRE version: OpenJDK Runtime Environment (14.0.2+12) (build 14.0.2+12-46)
# Java VM: OpenJDK 64-Bit Server VM (14.0.2+12-46, mixed mode, sharing, tiered, compressed oops, g1 gc, windows-amd64)
Heap:
 garbage-first heap   total 262144K, used 152573K [0x0000000700e00000, 0x0000000800000000)
  region size 1024K, 4 young (4096K), 4 survivors (4096K)
 Metaspace       used 10962K, capacity 11315K, committed 11648K, reserved 1058816K
  class space    used 1154K, capacity 1320K, committed 1408K, reserved 1048576K
GC Heap History (20 events):
Event: 105.282 GC heap after
{Heap after GC invocations=110 (full 0):
 garbage-first heap   total 188416K, used 134667K [0x0000000700e00000, 0x0000000800000000)
  region size 1024K, 3 young (3072K), 3 survivors (3072K)
 Metaspace       used 10952K, capacity 11315K, committed 11648K, reserved 1058816K
  class space    used 1154K, capacity 1320K, committed 1408K, reserved 1048576K
}
Event: 105.511 GC heap before
{Heap before GC invocations=110 (full 0):
 garbage-first heap   total 188416K, used 164363K [0x0000000700e00000, 0x0000000800000000)
  region size 1024K, 31 young (31744K), 3 survivors (3072K)
 Metaspace       used 10952K, capacity 11315K, committed 11648K, reserved 1058816K
  class space    used 1154K, capacity 1320K, committed 1408K, reserved 1048576K
}
Event: 105.514 GC heap after
{Heap after GC invocations=111 (full 0):
 garbage-first heap   total 188416K, used 137056K [0x0000000700e00000, 0x0000000800000000)
  region size 1024K, 3 young (3072K), 3 survivors (3072K)
 Metaspace       used 10952K, capacity 11315K, committed 11648K, reserved 1058816K
  class space    used 1154K, capacity 1320K, committed 1408K, reserved 1048576K
}
Event: 105.692 GC heap before
{Heap before GC invocations=111 (full 0):
 garbage-first heap   total 188416K, used 161632K [0x0000000700e00000, 0x0000000800000000)
  region size 1024K, 28 young (28672K), 3 survivors (3072K)
 Metaspace       used 10953K, capacity 11315K, committed 11648K, reserved 1058816K
  class space    used 1154K, capacity 1320K, committed 1408K, reserved 1048576K
}
Event: 105.694 GC heap after
{Heap after GC invocations=112 (full 0):
 garbage-first heap   total 188416K, used 137757K [0x0000000700e00000, 0x0000000800000000)
  region size 1024K, 3 young (3072K), 3 survivors (3072K)
 Metaspace       used 10953K, capacity 11315K, committed 11648K, reserved 1058816K
  class space    used 1154K, capacity 1320K, committed 1408K, reserved 1048576K
}
Event: 105.881 GC heap before
{Heap before GC invocations=112 (full 0):
 garbage-first heap   total 188416K, used 162333K [0x0000000700e00000, 0x0000000800000000)
  region size 1024K, 28 young (28672K), 3 survivors (3072K)
 Metaspace       used 10953K, capacity 11315K, committed 11648K, reserved 1058816K
  class space    used 1154K, capacity 1320K, committed 1408K, reserved 1048576K
}
Event: 105.883 GC heap after
{Heap after GC invocations=113 (full 0):
 garbage-first heap   total 188416K, used 138341K [0x0000000700e00000, 0x0000000800000000)
  region size 1024K, 2 young (2048K), 2 survivors (2048K)
 Metaspace       used 10953K, capacity 11315K, committed 11648K, reserved 1058816K
  class space    used 1154K, capacity 1320K, committed 1408K, reserved 1048576K
}
Event: 106.081 GC heap before
{Heap before GC invocations=113 (full 0):
 garbage-first heap   total 188416K, used 163941K [0x0000000700e00000, 0x0000000800000000)
  region size 1024K, 27 young (27648K), 2 survivors (2048K)
 Metaspace       used 10956K, capacity 11315K, committed 11648K, reserved 1058816K
  class space    used 1154K, capacity 1320K, committed 1408K, reserved 1048576K
}
Event: 106.084 GC heap after
{Heap after GC invocations=114 (full 0):
 garbage-first heap   total 188416K, used 139098K [0x0000000700e00000, 0x0000000800000000)
  region size 1024K, 3 young (3072K), 3 survivors (3072K)
 Metaspace       used 10956K, capacity 11315K, committed 11648K, reserved 1058816K
  class space    used 1154K, capacity 1320K, committed 1408K, reserved 1048576K
}
Event: 106.262 GC heap before
{Heap before GC invocations=114 (full 0):
 garbage-first heap   total 188416K, used 163674K [0x0000000700e00000, 0x0000000800000000)
  region size 1024K, 27 young (27648K), 3 survivors (3072K)
 Metaspace       used 10956K, capacity 11315K, committed 11648K, reserved 1058816K
  class space    used 1154K, capacity 1320K, committed 1408K, reserved 1048576K
}
Event: 106.265 GC heap after
{Heap after GC invocations=115 (full 0):
 garbage-first heap   total 188416K, used 139744K [0x0000000700e00000, 0x0000000800000000)
  region size 1024K, 3 young (3072K), 3 survivors (3072K)
 Metaspace       used 10956K, capacity 11315K, committed 11648K, reserved 1058816K
  class space    used 1154K, capacity 1320K, committed 1408K, reserved 1048576K
}
Event: 106.464 GC heap before
{Heap before GC invocations=115 (full 0):
 garbage-first heap   total 188416K, used 168416K [0x0000000700e00000, 0x0000000800000000)
  region size 1024K, 27 young (27648K), 3 survivors (3072K)
 Metaspace       used 10956K, capacity 11315K, committed 11648K, reserved 1058816K
  class space    used 1154K, capacity 1320K, committed 1408K, reserved 1048576K
}
Event: 106.467 GC heap after
{Heap after GC invocations=116 (full 0):
 garbage-first heap   total 226304K, used 144907K [0x0000000700e00000, 0x0000000800000000)
  region size 1024K, 3 young (3072K), 3 survivors (3072K)
 Metaspace       used 10956K, capacity 11315K, committed 11648K, reserved 1058816K
  class space    used 1154K, capacity 1320K, committed 1408K, reserved 1048576K
}
Event: 106.798 GC heap before
{Heap before GC invocations=116 (full 0):
 garbage-first heap   total 226304K, used 194059K [0x0000000700e00000, 0x0000000800000000)
  region size 1024K, 52 young (53248K), 3 survivors (3072K)
 Metaspace       used 10956K, capacity 11315K, committed 11648K, reserved 1058816K
  class space    used 1154K, capacity 1320K, committed 1408K, reserved 1048576K
}
Event: 106.801 GC heap after
{Heap after GC invocations=117 (full 0):
 garbage-first heap   total 226304K, used 146539K [0x0000000700e00000, 0x0000000800000000)
  region size 1024K, 5 young (5120K), 5 survivors (5120K)
 Metaspace       used 10956K, capacity 11315K, committed 11648K, reserved 1058816K
  class space    used 1154K, capacity 1320K, committed 1408K, reserved 1048576K
}
Event: 107.167 GC heap before
{Heap before GC invocations=117 (full 0):
 garbage-first heap   total 226304K, used 195691K [0x0000000700e00000, 0x0000000800000000)
  region size 1024K, 53 young (54272K), 5 survivors (5120K)
 Metaspace       used 10962K, capacity 11315K, committed 11648K, reserved 1058816K
  class space    used 1154K, capacity 1320K, committed 1408K, reserved 1048576K
}
Event: 107.170 GC heap after
{Heap after GC invocations=118 (full 0):
 garbage-first heap   total 226304K, used 148320K [0x0000000700e00000, 0x0000000800000000)
  region size 1024K, 5 young (5120K), 5 survivors (5120K)
 Metaspace       used 10962K, capacity 11315K, committed 11648K, reserved 1058816K
  class space    used 1154K, capacity 1320K, committed 1408K, reserved 1048576K
}
Event: 107.516 GC heap before
{Heap before GC invocations=118 (full 0):
 garbage-first heap   total 226304K, used 197472K [0x0000000700e00000, 0x0000000800000000)
  region size 1024K, 51 young (52224K), 5 survivors (5120K)
 Metaspace       used 10962K, capacity 11315K, committed 11648K, reserved 1058816K
  class space    used 1154K, capacity 1320K, committed 1408K, reserved 1048576K
}
Event: 107.519 GC heap after
{Heap after GC invocations=119 (full 0):
 garbage-first heap   total 226304K, used 151233K [0x0000000700e00000, 0x0000000800000000)
  region size 1024K, 4 young (4096K), 4 survivors (4096K)
 Metaspace       used 10962K, capacity 11315K, committed 11648K, reserved 1058816K
  class space    used 1154K, capacity 1320K, committed 1408K, reserved 1048576K
}
Event: 107.835 GC heap before
{Heap before GC invocations=119 (full 0):
 garbage-first heap   total 226304K, used 195265K [0x0000000700e00000, 0x0000000800000000)
  region size 1024K, 47 young (48128K), 4 survivors (4096K)
 Metaspace       used 10962K, capacity 11315K, committed 11648K, reserved 1058816K
  class space    used 1154K, capacity 1320K, committed 1408K, reserved 1048576K
}

